mode: set
github.com/heeus/wazero/internal/wasm/interpreter/callengine_stack.go:24.49,26.2 1 1
github.com/heeus/wazero/internal/wasm/interpreter/callengine_stack.go:28.51,39.2 4 1
github.com/heeus/wazero/internal/wasm/interpreter/callengine_stack.go:42.60,43.16 1 0
github.com/heeus/wazero/internal/wasm/interpreter/callengine_stack.go:46.2,49.34 4 0
github.com/heeus/wazero/internal/wasm/interpreter/callengine_stack.go:52.2,52.15 1 0
github.com/heeus/wazero/internal/wasm/interpreter/callengine_stack.go:43.16,45.3 1 0
github.com/heeus/wazero/internal/wasm/interpreter/callengine_stack.go:49.34,51.3 1 0
github.com/heeus/wazero/internal/wasm/interpreter/callengine_stack.go:55.64,62.21 1 1
github.com/heeus/wazero/internal/wasm/interpreter/callengine_stack.go:62.21,64.3 1 0
github.com/heeus/wazero/internal/wasm/interpreter/callengine_stack.go:64.8,68.3 3 1
github.com/heeus/wazero/internal/wasm/interpreter/callengine_stack.go:71.46,73.2 1 1
github.com/heeus/wazero/internal/wasm/interpreter/callengine_stack.go:75.44,77.2 1 1
github.com/heeus/wazero/internal/wasm/interpreter/callengine_stack.go:79.44,82.2 2 0
github.com/heeus/wazero/internal/wasm/interpreter/callengine_stack.go:84.54,86.13 2 0
github.com/heeus/wazero/internal/wasm/interpreter/callengine_stack.go:89.2,89.12 1 0
github.com/heeus/wazero/internal/wasm/interpreter/callengine_stack.go:86.13,88.3 1 0
github.com/heeus/wazero/internal/wasm/interpreter/callengine_stack.go:92.42,94.2 1 1
github.com/heeus/wazero/internal/wasm/interpreter/callengine_stack.go:97.44,99.2 1 1
github.com/heeus/wazero/internal/wasm/interpreter/interpreter.go:38.59,43.2 1 1
github.com/heeus/wazero/internal/wasm/interpreter/interpreter.go:46.55,48.2 1 1
github.com/heeus/wazero/internal/wasm/interpreter/interpreter.go:50.51,54.2 3 1
github.com/heeus/wazero/internal/wasm/interpreter/interpreter.go:56.60,60.2 3 1
github.com/heeus/wazero/internal/wasm/interpreter/interpreter.go:62.70,67.2 4 1
github.com/heeus/wazero/internal/wasm/interpreter/interpreter.go:104.65,108.2 3 1
github.com/heeus/wazero/internal/wasm/interpreter/interpreter.go:111.72,113.18 2 0
github.com/heeus/wazero/internal/wasm/interpreter/interpreter.go:116.2,116.11 1 0
github.com/heeus/wazero/internal/wasm/interpreter/interpreter.go:113.18,115.3 1 0
github.com/heeus/wazero/internal/wasm/interpreter/interpreter.go:119.48,120.30 1 1
github.com/heeus/wazero/internal/wasm/interpreter/interpreter.go:123.2,123.28 1 1
github.com/heeus/wazero/internal/wasm/interpreter/interpreter.go:120.30,122.3 1 1
github.com/heeus/wazero/internal/wasm/interpreter/interpreter.go:126.46,127.27 1 1
github.com/heeus/wazero/internal/wasm/interpreter/interpreter.go:130.2,130.19 1 0
github.com/heeus/wazero/internal/wasm/interpreter/interpreter.go:127.27,129.3 1 1
github.com/heeus/wazero/internal/wasm/interpreter/interpreter.go:133.33,135.2 1 1
github.com/heeus/wazero/internal/wasm/interpreter/interpreter.go:137.43,139.2 1 1
github.com/heeus/wazero/internal/wasm/interpreter/interpreter.go:141.45,143.2 1 1
github.com/heeus/wazero/internal/wasm/interpreter/interpreter.go:146.54,148.2 1 0
github.com/heeus/wazero/internal/wasm/interpreter/interpreter.go:150.56,151.14 1 1
github.com/heeus/wazero/internal/wasm/interpreter/interpreter.go:154.2,154.31 1 1
github.com/heeus/wazero/internal/wasm/interpreter/interpreter.go:151.14,153.3 1 0
github.com/heeus/wazero/internal/wasm/interpreter/interpreter.go:157.50,158.40 1 1
github.com/heeus/wazero/internal/wasm/interpreter/interpreter.go:161.2,161.38 1 1
github.com/heeus/wazero/internal/wasm/interpreter/interpreter.go:158.40,159.49 1 1
github.com/heeus/wazero/internal/wasm/interpreter/interpreter.go:164.52,171.2 4 1
github.com/heeus/wazero/internal/wasm/interpreter/interpreter.go:191.64,197.2 1 1
github.com/heeus/wazero/internal/wasm/interpreter/interpreter.go:216.80,217.37 1 1
github.com/heeus/wazero/internal/wasm/interpreter/interpreter.go:221.2,222.27 2 1
github.com/heeus/wazero/internal/wasm/interpreter/interpreter.go:242.2,243.12 2 1
github.com/heeus/wazero/internal/wasm/interpreter/interpreter.go:217.37,219.3 1 0
github.com/heeus/wazero/internal/wasm/interpreter/interpreter.go:222.27,226.49 1 1
github.com/heeus/wazero/internal/wasm/interpreter/interpreter.go:226.49,228.4 1 1
github.com/heeus/wazero/internal/wasm/interpreter/interpreter.go:229.8,231.17 2 1
github.com/heeus/wazero/internal/wasm/interpreter/interpreter.go:234.3,234.26 1 1
github.com/heeus/wazero/internal/wasm/interpreter/interpreter.go:231.17,233.4 1 1
github.com/heeus/wazero/internal/wasm/interpreter/interpreter.go:234.26,236.18 2 1
github.com/heeus/wazero/internal/wasm/interpreter/interpreter.go:239.4,239.35 1 1
github.com/heeus/wazero/internal/wasm/interpreter/interpreter.go:236.18,238.5 1 0
github.com/heeus/wazero/internal/wasm/interpreter/interpreter.go:248.220,256.38 3 1
github.com/heeus/wazero/internal/wasm/interpreter/interpreter.go:261.2,262.9 2 1
github.com/heeus/wazero/internal/wasm/interpreter/interpreter.go:266.2,266.26 1 1
github.com/heeus/wazero/internal/wasm/interpreter/interpreter.go:272.2,272.42 1 1
github.com/heeus/wazero/internal/wasm/interpreter/interpreter.go:275.2,275.16 1 1
github.com/heeus/wazero/internal/wasm/interpreter/interpreter.go:256.38,259.3 2 1
github.com/heeus/wazero/internal/wasm/interpreter/interpreter.go:262.9,264.3 1 1
github.com/heeus/wazero/internal/wasm/interpreter/interpreter.go:266.26,270.3 3 1
github.com/heeus/wazero/internal/wasm/interpreter/interpreter.go:272.42,274.3 1 1
github.com/heeus/wazero/internal/wasm/interpreter/interpreter.go:279.73,284.31 5 1
github.com/heeus/wazero/internal/wasm/interpreter/interpreter.go:557.2,557.37 1 1
github.com/heeus/wazero/internal/wasm/interpreter/interpreter.go:564.2,564.17 1 1
github.com/heeus/wazero/internal/wasm/interpreter/interpreter.go:284.31,286.31 2 1
github.com/heeus/wazero/internal/wasm/interpreter/interpreter.go:554.3,554.34 1 1
github.com/heeus/wazero/internal/wasm/interpreter/interpreter.go:287.39,287.39 0 0
github.com/heeus/wazero/internal/wasm/interpreter/interpreter.go:288.33,292.56 4 0
github.com/heeus/wazero/internal/wasm/interpreter/interpreter.go:295.4,298.12 2 0
github.com/heeus/wazero/internal/wasm/interpreter/interpreter.go:299.30,301.33 2 1
github.com/heeus/wazero/internal/wasm/interpreter/interpreter.go:319.32,322.72 3 0
github.com/heeus/wazero/internal/wasm/interpreter/interpreter.go:344.35,348.35 4 0
github.com/heeus/wazero/internal/wasm/interpreter/interpreter.go:370.32,372.45 2 1
github.com/heeus/wazero/internal/wasm/interpreter/interpreter.go:373.40,375.34 2 0
github.com/heeus/wazero/internal/wasm/interpreter/interpreter.go:376.32,378.22 2 1
github.com/heeus/wazero/internal/wasm/interpreter/interpreter.go:379.34,379.34 0 0
github.com/heeus/wazero/internal/wasm/interpreter/interpreter.go:380.32,382.30 2 1
github.com/heeus/wazero/internal/wasm/interpreter/interpreter.go:383.32,385.30 2 0
github.com/heeus/wazero/internal/wasm/interpreter/interpreter.go:386.37,388.30 2 0
github.com/heeus/wazero/internal/wasm/interpreter/interpreter.go:389.37,391.30 2 0
github.com/heeus/wazero/internal/wasm/interpreter/interpreter.go:392.32,396.35 4 0
github.com/heeus/wazero/internal/wasm/interpreter/interpreter.go:397.33,401.35 4 0
github.com/heeus/wazero/internal/wasm/interpreter/interpreter.go:402.34,406.35 4 0
github.com/heeus/wazero/internal/wasm/interpreter/interpreter.go:407.34,408.16 1 0
github.com/heeus/wazero/internal/wasm/interpreter/interpreter.go:411.4,413.35 3 0
github.com/heeus/wazero/internal/wasm/interpreter/interpreter.go:414.33,418.35 4 0
github.com/heeus/wazero/internal/wasm/interpreter/interpreter.go:419.34,423.35 4 0
github.com/heeus/wazero/internal/wasm/interpreter/interpreter.go:424.35,428.35 4 0
github.com/heeus/wazero/internal/wasm/interpreter/interpreter.go:429.35,432.35 3 0
github.com/heeus/wazero/internal/wasm/interpreter/interpreter.go:433.38,433.38 0 0
github.com/heeus/wazero/internal/wasm/interpreter/interpreter.go:434.38,434.38 0 0
github.com/heeus/wazero/internal/wasm/interpreter/interpreter.go:435.36,437.30 2 1
github.com/heeus/wazero/internal/wasm/interpreter/interpreter.go:438.36,440.22 2 1
github.com/heeus/wazero/internal/wasm/interpreter/interpreter.go:441.36,443.48 2 0
github.com/heeus/wazero/internal/wasm/interpreter/interpreter.go:444.36,446.40 2 0
github.com/heeus/wazero/internal/wasm/interpreter/interpreter.go:447.30,448.24 1 0
github.com/heeus/wazero/internal/wasm/interpreter/interpreter.go:449.30,450.24 1 0
github.com/heeus/wazero/internal/wasm/interpreter/interpreter.go:451.31,452.24 1 0
github.com/heeus/wazero/internal/wasm/interpreter/interpreter.go:453.30,454.24 1 0
github.com/heeus/wazero/internal/wasm/interpreter/interpreter.go:455.30,456.24 1 0
github.com/heeus/wazero/internal/wasm/interpreter/interpreter.go:457.30,458.24 1 0
github.com/heeus/wazero/internal/wasm/interpreter/interpreter.go:459.30,460.24 1 0
github.com/heeus/wazero/internal/wasm/interpreter/interpreter.go:461.31,462.24 1 0
github.com/heeus/wazero/internal/wasm/interpreter/interpreter.go:463.31,464.24 1 0
github.com/heeus/wazero/internal/wasm/interpreter/interpreter.go:465.31,466.24 1 0
github.com/heeus/wazero/internal/wasm/interpreter/interpreter.go:467.31,468.24 1 0
github.com/heeus/wazero/internal/wasm/interpreter/interpreter.go:469.31,470.24 1 0
github.com/heeus/wazero/internal/wasm/interpreter/interpreter.go:471.34,472.24 1 0
github.com/heeus/wazero/internal/wasm/interpreter/interpreter.go:473.31,474.24 1 1
github.com/heeus/wazero/internal/wasm/interpreter/interpreter.go:475.31,476.24 1 0
github.com/heeus/wazero/internal/wasm/interpreter/interpreter.go:477.31,478.24 1 0
github.com/heeus/wazero/internal/wasm/interpreter/interpreter.go:479.30,480.24 1 0
github.com/heeus/wazero/internal/wasm/interpreter/interpreter.go:481.31,482.24 1 0
github.com/heeus/wazero/internal/wasm/interpreter/interpreter.go:483.31,484.24 1 0
github.com/heeus/wazero/internal/wasm/interpreter/interpreter.go:485.31,486.24 1 0
github.com/heeus/wazero/internal/wasm/interpreter/interpreter.go:487.32,488.24 1 0
github.com/heeus/wazero/internal/wasm/interpreter/interpreter.go:489.32,490.24 1 0
github.com/heeus/wazero/internal/wasm/interpreter/interpreter.go:491.31,492.24 1 0
github.com/heeus/wazero/internal/wasm/interpreter/interpreter.go:493.31,494.24 1 0
github.com/heeus/wazero/internal/wasm/interpreter/interpreter.go:495.32,496.24 1 0
github.com/heeus/wazero/internal/wasm/interpreter/interpreter.go:497.33,498.24 1 0
github.com/heeus/wazero/internal/wasm/interpreter/interpreter.go:499.33,500.24 1 0
github.com/heeus/wazero/internal/wasm/interpreter/interpreter.go:501.35,502.24 1 0
github.com/heeus/wazero/internal/wasm/interpreter/interpreter.go:503.32,504.24 1 0
github.com/heeus/wazero/internal/wasm/interpreter/interpreter.go:505.31,506.24 1 0
github.com/heeus/wazero/internal/wasm/interpreter/interpreter.go:507.31,508.24 1 0
github.com/heeus/wazero/internal/wasm/interpreter/interpreter.go:509.36,510.24 1 0
github.com/heeus/wazero/internal/wasm/interpreter/interpreter.go:511.42,511.42 0 0
github.com/heeus/wazero/internal/wasm/interpreter/interpreter.go:512.39,515.25 3 0
github.com/heeus/wazero/internal/wasm/interpreter/interpreter.go:516.41,518.30 2 0
github.com/heeus/wazero/internal/wasm/interpreter/interpreter.go:519.44,519.44 0 0
github.com/heeus/wazero/internal/wasm/interpreter/interpreter.go:520.45,520.45 0 0
github.com/heeus/wazero/internal/wasm/interpreter/interpreter.go:524.45,529.12 1 0
github.com/heeus/wazero/internal/wasm/interpreter/interpreter.go:530.34,531.16 1 0
github.com/heeus/wazero/internal/wasm/interpreter/interpreter.go:535.81,535.81 0 0
github.com/heeus/wazero/internal/wasm/interpreter/interpreter.go:536.38,538.34 2 0
github.com/heeus/wazero/internal/wasm/interpreter/interpreter.go:539.36,541.34 2 0
github.com/heeus/wazero/internal/wasm/interpreter/interpreter.go:542.38,542.38 0 0
github.com/heeus/wazero/internal/wasm/interpreter/interpreter.go:543.38,543.38 0 0
github.com/heeus/wazero/internal/wasm/interpreter/interpreter.go:544.37,546.34 2 0
github.com/heeus/wazero/internal/wasm/interpreter/interpreter.go:547.36,549.34 2 0
github.com/heeus/wazero/internal/wasm/interpreter/interpreter.go:550.37,550.37 0 0
github.com/heeus/wazero/internal/wasm/interpreter/interpreter.go:551.11,552.67 1 0
github.com/heeus/wazero/internal/wasm/interpreter/interpreter.go:292.56,294.5 1 0
github.com/heeus/wazero/internal/wasm/interpreter/interpreter.go:301.33,304.5 1 1
github.com/heeus/wazero/internal/wasm/interpreter/interpreter.go:304.10,307.12 3 0
github.com/heeus/wazero/internal/wasm/interpreter/interpreter.go:307.12,311.25 1 0
github.com/heeus/wazero/internal/wasm/interpreter/interpreter.go:311.25,313.8 1 0
github.com/heeus/wazero/internal/wasm/interpreter/interpreter.go:315.11,317.6 1 0
github.com/heeus/wazero/internal/wasm/interpreter/interpreter.go:322.72,324.39 2 0
github.com/heeus/wazero/internal/wasm/interpreter/interpreter.go:324.39,327.6 1 0
github.com/heeus/wazero/internal/wasm/interpreter/interpreter.go:327.11,330.13 3 0
github.com/heeus/wazero/internal/wasm/interpreter/interpreter.go:330.13,335.26 2 0
github.com/heeus/wazero/internal/wasm/interpreter/interpreter.go:335.26,337.9 1 0
github.com/heeus/wazero/internal/wasm/interpreter/interpreter.go:339.12,341.7 1 0
github.com/heeus/wazero/internal/wasm/interpreter/interpreter.go:348.35,350.39 2 0
github.com/heeus/wazero/internal/wasm/interpreter/interpreter.go:350.39,353.6 1 0
github.com/heeus/wazero/internal/wasm/interpreter/interpreter.go:353.11,356.13 3 0
github.com/heeus/wazero/internal/wasm/interpreter/interpreter.go:356.13,361.26 2 0
github.com/heeus/wazero/internal/wasm/interpreter/interpreter.go:361.26,363.9 1 0
github.com/heeus/wazero/internal/wasm/interpreter/interpreter.go:365.12,367.7 1 0
github.com/heeus/wazero/internal/wasm/interpreter/interpreter.go:408.16,410.5 1 0
github.com/heeus/wazero/internal/wasm/interpreter/interpreter.go:531.16,533.5 1 0
github.com/heeus/wazero/internal/wasm/interpreter/interpreter.go:557.37,559.43 2 0
github.com/heeus/wazero/internal/wasm/interpreter/interpreter.go:562.3,562.80 1 0
github.com/heeus/wazero/internal/wasm/interpreter/interpreter.go:559.43,561.4 1 0
github.com/heeus/wazero/internal/wasm/interpreter/interpreter.go:568.39,570.2 1 1
github.com/heeus/wazero/internal/wasm/interpreter/interpreter.go:573.96,575.32 2 0
github.com/heeus/wazero/internal/wasm/interpreter/interpreter.go:580.2,583.3 1 0
github.com/heeus/wazero/internal/wasm/interpreter/interpreter.go:575.32,576.19 1 0
github.com/heeus/wazero/internal/wasm/interpreter/interpreter.go:576.19,578.4 1 0
github.com/heeus/wazero/internal/wasm/interpreter/interpreter.go:587.148,591.21 2 1
github.com/heeus/wazero/internal/wasm/interpreter/interpreter.go:598.2,600.39 3 1
github.com/heeus/wazero/internal/wasm/interpreter/interpreter.go:603.2,605.15 3 1
github.com/heeus/wazero/internal/wasm/interpreter/interpreter.go:624.2,624.37 1 1
github.com/heeus/wazero/internal/wasm/interpreter/interpreter.go:646.2,646.8 1 1
github.com/heeus/wazero/internal/wasm/interpreter/interpreter.go:591.21,592.41 1 0
github.com/heeus/wazero/internal/wasm/interpreter/interpreter.go:595.3,595.9 1 0
github.com/heeus/wazero/internal/wasm/interpreter/interpreter.go:592.41,593.79 1 0
github.com/heeus/wazero/internal/wasm/interpreter/interpreter.go:600.39,602.3 1 1
github.com/heeus/wazero/internal/wasm/interpreter/interpreter.go:605.15,607.17 1 1
github.com/heeus/wazero/internal/wasm/interpreter/interpreter.go:612.3,612.31 1 1
github.com/heeus/wazero/internal/wasm/interpreter/interpreter.go:607.17,609.4 1 1
github.com/heeus/wazero/internal/wasm/interpreter/interpreter.go:612.31,615.36 3 1
github.com/heeus/wazero/internal/wasm/interpreter/interpreter.go:620.4,620.34 1 1
github.com/heeus/wazero/internal/wasm/interpreter/interpreter.go:615.36,619.5 3 1
github.com/heeus/wazero/internal/wasm/interpreter/interpreter.go:624.37,625.32 1 1
github.com/heeus/wazero/internal/wasm/interpreter/interpreter.go:629.3,629.32 1 1
github.com/heeus/wazero/internal/wasm/interpreter/interpreter.go:633.3,635.17 3 1
github.com/heeus/wazero/internal/wasm/interpreter/interpreter.go:638.3,639.32 2 1
github.com/heeus/wazero/internal/wasm/interpreter/interpreter.go:625.32,627.4 1 0
github.com/heeus/wazero/internal/wasm/interpreter/interpreter.go:629.32,631.4 1 1
github.com/heeus/wazero/internal/wasm/interpreter/interpreter.go:635.17,637.4 1 0
github.com/heeus/wazero/internal/wasm/interpreter/interpreter.go:639.32,642.4 1 0
github.com/heeus/wazero/internal/wasm/interpreter/interpreter.go:643.8,645.3 1 1
github.com/heeus/wazero/internal/wasm/interpreter/interpreter.go:650.57,653.2 2 0
github.com/heeus/wazero/internal/wasm/interpreter/interpreter.go:656.146,660.2 3 1
github.com/heeus/wazero/internal/wasm/interpreter/interpreter.go:662.92,663.23 1 0
github.com/heeus/wazero/internal/wasm/interpreter/interpreter.go:671.2,671.21 1 0
github.com/heeus/wazero/internal/wasm/interpreter/interpreter.go:663.23,664.16 1 0
github.com/heeus/wazero/internal/wasm/interpreter/interpreter.go:664.16,667.4 2 0
github.com/heeus/wazero/internal/wasm/interpreter/interpreter.go:667.9,669.4 1 0
github.com/heeus/wazero/internal/wasm/interpreter/interpreter.go:671.21,674.3 2 0
github.com/heeus/wazero/internal/wasm/interpreter/interpreter.go:678.200,681.2 2 0
github.com/heeus/wazero/internal/wasm/interpreter/interpreter.go:684.202,687.2 2 0
github.com/heeus/wazero/internal/wasm/interpreter/interpreter.go:689.40,693.2 3 1
github.com/heeus/wazero/internal/wasm/interpreter/interpreter.go:695.131,696.24 1 1
github.com/heeus/wazero/internal/wasm/interpreter/interpreter.go:700.2,700.38 1 1
github.com/heeus/wazero/internal/wasm/interpreter/interpreter.go:703.2,707.38 5 1
github.com/heeus/wazero/internal/wasm/interpreter/interpreter.go:711.2,711.8 1 1
github.com/heeus/wazero/internal/wasm/interpreter/interpreter.go:696.24,699.3 1 1
github.com/heeus/wazero/internal/wasm/interpreter/interpreter.go:700.38,702.3 1 0
github.com/heeus/wazero/internal/wasm/interpreter/interpreter.go:707.38,710.3 1 0
github.com/heeus/wazero/internal/wasm/interpreter/interpreter.go:714.111,736.25 21 1
github.com/heeus/wazero/internal/wasm/interpreter/interpreter.go:2007.2,2010.12 4 1
github.com/heeus/wazero/internal/wasm/interpreter/interpreter.go:736.25,738.21 2 1
github.com/heeus/wazero/internal/wasm/interpreter/interpreter.go:762.3,766.18 2 1
github.com/heeus/wazero/internal/wasm/interpreter/interpreter.go:738.21,740.17 2 1
github.com/heeus/wazero/internal/wasm/interpreter/interpreter.go:747.4,747.18 1 1
github.com/heeus/wazero/internal/wasm/interpreter/interpreter.go:755.4,755.24 1 1
github.com/heeus/wazero/internal/wasm/interpreter/interpreter.go:740.17,743.24 3 1
github.com/heeus/wazero/internal/wasm/interpreter/interpreter.go:743.24,745.6 1 1
github.com/heeus/wazero/internal/wasm/interpreter/interpreter.go:747.18,748.19 1 1
github.com/heeus/wazero/internal/wasm/interpreter/interpreter.go:748.19,750.20 2 1
github.com/heeus/wazero/internal/wasm/interpreter/interpreter.go:750.20,752.7 1 1
github.com/heeus/wazero/internal/wasm/interpreter/interpreter.go:755.24,756.33 1 1
github.com/heeus/wazero/internal/wasm/interpreter/interpreter.go:756.33,758.6 1 1
github.com/heeus/wazero/internal/wasm/interpreter/interpreter.go:767.42,768.44 1 0
github.com/heeus/wazero/internal/wasm/interpreter/interpreter.go:769.33,770.4 1 1
github.com/heeus/wazero/internal/wasm/interpreter/interpreter.go:774.35,775.4 1 0
github.com/heeus/wazero/internal/wasm/interpreter/interpreter.go:785.38,786.4 1 0
github.com/heeus/wazero/internal/wasm/interpreter/interpreter.go:797.35,798.4 1 1
github.com/heeus/wazero/internal/wasm/interpreter/interpreter.go:822.43,823.4 1 0
github.com/heeus/wazero/internal/wasm/interpreter/interpreter.go:857.35,858.4 1 1
github.com/heeus/wazero/internal/wasm/interpreter/interpreter.go:863.37,864.4 1 0
github.com/heeus/wazero/internal/wasm/interpreter/interpreter.go:874.35,875.4 1 1
github.com/heeus/wazero/internal/wasm/interpreter/interpreter.go:880.35,881.4 1 0
github.com/heeus/wazero/internal/wasm/interpreter/interpreter.go:886.40,887.4 1 0
github.com/heeus/wazero/internal/wasm/interpreter/interpreter.go:893.40,894.4 1 0
github.com/heeus/wazero/internal/wasm/interpreter/interpreter.go:900.35,901.4 1 0
github.com/heeus/wazero/internal/wasm/interpreter/interpreter.go:920.36,921.4 1 0
github.com/heeus/wazero/internal/wasm/interpreter/interpreter.go:936.37,937.4 1 0
github.com/heeus/wazero/internal/wasm/interpreter/interpreter.go:952.37,953.4 1 0
github.com/heeus/wazero/internal/wasm/interpreter/interpreter.go:967.36,968.4 1 0
github.com/heeus/wazero/internal/wasm/interpreter/interpreter.go:984.37,985.4 1 0
github.com/heeus/wazero/internal/wasm/interpreter/interpreter.go:994.38,995.4 1 0
github.com/heeus/wazero/internal/wasm/interpreter/interpreter.go:1004.38,1005.4 1 0
github.com/heeus/wazero/internal/wasm/interpreter/interpreter.go:1014.41,1015.4 1 0
github.com/heeus/wazero/internal/wasm/interpreter/interpreter.go:1020.41,1021.4 1 0
github.com/heeus/wazero/internal/wasm/interpreter/interpreter.go:1029.67,1030.4 1 1
github.com/heeus/wazero/internal/wasm/interpreter/interpreter.go:1035.33,1036.4 1 0
github.com/heeus/wazero/internal/wasm/interpreter/interpreter.go:1057.33,1058.4 1 0
github.com/heeus/wazero/internal/wasm/interpreter/interpreter.go:1079.34,1080.4 1 0
github.com/heeus/wazero/internal/wasm/interpreter/interpreter.go:1089.33,1090.4 1 0
github.com/heeus/wazero/internal/wasm/interpreter/interpreter.go:1114.33,1115.4 1 0
github.com/heeus/wazero/internal/wasm/interpreter/interpreter.go:1139.33,1140.4 1 0
github.com/heeus/wazero/internal/wasm/interpreter/interpreter.go:1164.33,1165.4 1 0
github.com/heeus/wazero/internal/wasm/interpreter/interpreter.go:1189.34,1190.4 1 0
github.com/heeus/wazero/internal/wasm/interpreter/interpreter.go:1209.34,1210.4 1 0
github.com/heeus/wazero/internal/wasm/interpreter/interpreter.go:1228.34,1229.4 1 0
github.com/heeus/wazero/internal/wasm/interpreter/interpreter.go:1247.34,1248.4 1 0
github.com/heeus/wazero/internal/wasm/interpreter/interpreter.go:1260.34,1261.4 1 0
github.com/heeus/wazero/internal/wasm/interpreter/interpreter.go:1273.37,1274.4 1 0
github.com/heeus/wazero/internal/wasm/interpreter/interpreter.go:1286.34,1287.4 1 1
github.com/heeus/wazero/internal/wasm/interpreter/interpreter.go:1336.34,1337.4 1 0
github.com/heeus/wazero/internal/wasm/interpreter/interpreter.go:1363.34,1364.4 1 0
github.com/heeus/wazero/internal/wasm/interpreter/interpreter.go:1377.33,1378.4 1 0
github.com/heeus/wazero/internal/wasm/interpreter/interpreter.go:1391.34,1392.4 1 0
github.com/heeus/wazero/internal/wasm/interpreter/interpreter.go:1405.34,1406.4 1 0
github.com/heeus/wazero/internal/wasm/interpreter/interpreter.go:1419.34,1420.4 1 0
github.com/heeus/wazero/internal/wasm/interpreter/interpreter.go:1436.35,1437.4 1 0
github.com/heeus/wazero/internal/wasm/interpreter/interpreter.go:1450.35,1451.4 1 0
github.com/heeus/wazero/internal/wasm/interpreter/interpreter.go:1464.34,1465.4 1 0
github.com/heeus/wazero/internal/wasm/interpreter/interpreter.go:1478.34,1479.4 1 0
github.com/heeus/wazero/internal/wasm/interpreter/interpreter.go:1492.35,1493.4 1 0
github.com/heeus/wazero/internal/wasm/interpreter/interpreter.go:1506.36,1507.4 1 0
github.com/heeus/wazero/internal/wasm/interpreter/interpreter.go:1520.36,1521.4 1 0
github.com/heeus/wazero/internal/wasm/interpreter/interpreter.go:1534.38,1535.4 1 0
github.com/heeus/wazero/internal/wasm/interpreter/interpreter.go:1548.35,1549.4 1 0
github.com/heeus/wazero/internal/wasm/interpreter/interpreter.go:1562.34,1563.4 1 0
github.com/heeus/wazero/internal/wasm/interpreter/interpreter.go:1577.34,1578.4 1 0
github.com/heeus/wazero/internal/wasm/interpreter/interpreter.go:1594.39,1595.4 1 0
github.com/heeus/wazero/internal/wasm/interpreter/interpreter.go:1612.45,1613.4 1 0
github.com/heeus/wazero/internal/wasm/interpreter/interpreter.go:1618.42,1619.4 1 1
github.com/heeus/wazero/internal/wasm/interpreter/interpreter.go:1820.44,1821.4 1 0
github.com/heeus/wazero/internal/wasm/interpreter/interpreter.go:1867.47,1868.4 1 0
github.com/heeus/wazero/internal/wasm/interpreter/interpreter.go:1873.48,1874.4 1 0
github.com/heeus/wazero/internal/wasm/interpreter/interpreter.go:1880.37,1881.4 1 0
github.com/heeus/wazero/internal/wasm/interpreter/interpreter.go:1894.48,1895.4 1 1
github.com/heeus/wazero/internal/wasm/interpreter/interpreter.go:1901.49,1902.4 1 1
github.com/heeus/wazero/internal/wasm/interpreter/interpreter.go:1908.48,1909.4 1 1
github.com/heeus/wazero/internal/wasm/interpreter/interpreter.go:1915.49,1916.4 1 1
github.com/heeus/wazero/internal/wasm/interpreter/interpreter.go:1922.49,1923.4 1 1
github.com/heeus/wazero/internal/wasm/interpreter/interpreter.go:1929.41,1935.62 5 0
github.com/heeus/wazero/internal/wasm/interpreter/interpreter.go:1940.4,1941.36 2 0
github.com/heeus/wazero/internal/wasm/interpreter/interpreter.go:1942.39,1945.36 3 0
github.com/heeus/wazero/internal/wasm/interpreter/interpreter.go:1946.41,1951.77 5 0
github.com/heeus/wazero/internal/wasm/interpreter/interpreter.go:1957.4,1958.36 2 0
github.com/heeus/wazero/internal/wasm/interpreter/interpreter.go:1959.41,1963.56 4 0
github.com/heeus/wazero/internal/wasm/interpreter/interpreter.go:1974.4,1975.36 2 0
github.com/heeus/wazero/internal/wasm/interpreter/interpreter.go:1976.40,1982.60 5 0
github.com/heeus/wazero/internal/wasm/interpreter/interpreter.go:1987.4,1988.36 2 0
github.com/heeus/wazero/internal/wasm/interpreter/interpreter.go:1989.39,1991.14 2 0
github.com/heeus/wazero/internal/wasm/interpreter/interpreter.go:1992.40,1998.81 6 0
github.com/heeus/wazero/internal/wasm/interpreter/interpreter.go:2003.4,2004.36 2 0
github.com/heeus/wazero/internal/wasm/interpreter/interpreter.go:770.4,773.5 2 1
github.com/heeus/wazero/internal/wasm/interpreter/interpreter.go:775.4,776.26 1 0
github.com/heeus/wazero/internal/wasm/interpreter/interpreter.go:783.5,783.37 1 0
github.com/heeus/wazero/internal/wasm/interpreter/interpreter.go:776.26,779.6 2 0
github.com/heeus/wazero/internal/wasm/interpreter/interpreter.go:779.11,782.6 2 0
github.com/heeus/wazero/internal/wasm/interpreter/interpreter.go:786.4,787.61 1 0
github.com/heeus/wazero/internal/wasm/interpreter/interpreter.go:795.5,795.37 1 0
github.com/heeus/wazero/internal/wasm/interpreter/interpreter.go:787.61,790.6 2 0
github.com/heeus/wazero/internal/wasm/interpreter/interpreter.go:790.11,794.6 2 0
github.com/heeus/wazero/internal/wasm/interpreter/interpreter.go:798.4,802.24 4 1
github.com/heeus/wazero/internal/wasm/interpreter/interpreter.go:820.5,820.15 1 1
github.com/heeus/wazero/internal/wasm/interpreter/interpreter.go:802.24,805.6 2 1
github.com/heeus/wazero/internal/wasm/interpreter/interpreter.go:805.11,805.31 1 1
github.com/heeus/wazero/internal/wasm/interpreter/interpreter.go:805.31,807.20 2 0
github.com/heeus/wazero/internal/wasm/interpreter/interpreter.go:810.6,811.30 2 0
github.com/heeus/wazero/internal/wasm/interpreter/interpreter.go:807.20,809.7 1 0
github.com/heeus/wazero/internal/wasm/interpreter/interpreter.go:812.11,814.20 2 1
github.com/heeus/wazero/internal/wasm/interpreter/interpreter.go:817.6,818.30 2 1
github.com/heeus/wazero/internal/wasm/interpreter/interpreter.go:814.20,816.7 1 0
github.com/heeus/wazero/internal/wasm/interpreter/interpreter.go:823.4,825.48 2 0
github.com/heeus/wazero/internal/wasm/interpreter/interpreter.go:828.5,829.12 2 0
github.com/heeus/wazero/internal/wasm/interpreter/interpreter.go:836.5,837.25 2 0
github.com/heeus/wazero/internal/wasm/interpreter/interpreter.go:854.5,855.37 2 0
github.com/heeus/wazero/internal/wasm/interpreter/interpreter.go:825.48,826.53 1 0
github.com/heeus/wazero/internal/wasm/interpreter/interpreter.go:829.12,830.53 1 0
github.com/heeus/wazero/internal/wasm/interpreter/interpreter.go:831.11,831.53 1 0
github.com/heeus/wazero/internal/wasm/interpreter/interpreter.go:831.53,832.59 1 0
github.com/heeus/wazero/internal/wasm/interpreter/interpreter.go:837.25,839.6 1 0
github.com/heeus/wazero/internal/wasm/interpreter/interpreter.go:839.11,839.31 1 0
github.com/heeus/wazero/internal/wasm/interpreter/interpreter.go:839.31,841.20 2 0
github.com/heeus/wazero/internal/wasm/interpreter/interpreter.go:844.6,845.30 2 0
github.com/heeus/wazero/internal/wasm/interpreter/interpreter.go:841.20,843.7 1 0
github.com/heeus/wazero/internal/wasm/interpreter/interpreter.go:846.11,848.20 2 0
github.com/heeus/wazero/internal/wasm/interpreter/interpreter.go:851.6,852.30 2 0
github.com/heeus/wazero/internal/wasm/interpreter/interpreter.go:848.20,850.7 1 0
github.com/heeus/wazero/internal/wasm/interpreter/interpreter.go:858.4,862.5 3 1
github.com/heeus/wazero/internal/wasm/interpreter/interpreter.go:864.4,867.15 3 0
github.com/heeus/wazero/internal/wasm/interpreter/interpreter.go:871.5,872.37 2 0
github.com/heeus/wazero/internal/wasm/interpreter/interpreter.go:867.15,870.6 2 0
github.com/heeus/wazero/internal/wasm/interpreter/interpreter.go:875.4,879.5 3 1
github.com/heeus/wazero/internal/wasm/interpreter/interpreter.go:881.4,885.5 3 0
github.com/heeus/wazero/internal/wasm/interpreter/interpreter.go:887.4,892.5 4 0
github.com/heeus/wazero/internal/wasm/interpreter/interpreter.go:894.4,899.5 4 0
github.com/heeus/wazero/internal/wasm/interpreter/interpreter.go:901.4,903.41 2 0
github.com/heeus/wazero/internal/wasm/interpreter/interpreter.go:917.5,918.37 2 0
github.com/heeus/wazero/internal/wasm/interpreter/interpreter.go:904.61,905.62 1 0
github.com/heeus/wazero/internal/wasm/interpreter/interpreter.go:910.61,911.62 1 0
github.com/heeus/wazero/internal/wasm/interpreter/interpreter.go:905.62,906.59 1 0
github.com/heeus/wazero/internal/wasm/interpreter/interpreter.go:907.12,909.7 1 0
github.com/heeus/wazero/internal/wasm/interpreter/interpreter.go:911.62,912.59 1 0
github.com/heeus/wazero/internal/wasm/interpreter/interpreter.go:913.12,915.7 1 0
github.com/heeus/wazero/internal/wasm/interpreter/interpreter.go:921.4,923.12 2 0
github.com/heeus/wazero/internal/wasm/interpreter/interpreter.go:927.5,927.38 1 0
github.com/heeus/wazero/internal/wasm/interpreter/interpreter.go:933.5,934.37 2 0
github.com/heeus/wazero/internal/wasm/interpreter/interpreter.go:923.12,924.58 1 0
github.com/heeus/wazero/internal/wasm/interpreter/interpreter.go:928.53,929.37 1 0
github.com/heeus/wazero/internal/wasm/interpreter/interpreter.go:930.55,931.31 1 0
github.com/heeus/wazero/internal/wasm/interpreter/interpreter.go:937.4,939.12 2 0
github.com/heeus/wazero/internal/wasm/interpreter/interpreter.go:943.5,943.38 1 0
github.com/heeus/wazero/internal/wasm/interpreter/interpreter.go:949.5,950.37 2 0
github.com/heeus/wazero/internal/wasm/interpreter/interpreter.go:939.12,940.58 1 0
github.com/heeus/wazero/internal/wasm/interpreter/interpreter.go:944.53,945.38 1 0
github.com/heeus/wazero/internal/wasm/interpreter/interpreter.go:946.55,947.31 1 0
github.com/heeus/wazero/internal/wasm/interpreter/interpreter.go:953.4,955.12 2 0
github.com/heeus/wazero/internal/wasm/interpreter/interpreter.go:959.5,959.19 1 0
github.com/heeus/wazero/internal/wasm/interpreter/interpreter.go:964.5,965.37 2 0
github.com/heeus/wazero/internal/wasm/interpreter/interpreter.go:955.12,956.58 1 0
github.com/heeus/wazero/internal/wasm/interpreter/interpreter.go:959.19,961.6 1 0
github.com/heeus/wazero/internal/wasm/interpreter/interpreter.go:961.11,963.6 1 0
github.com/heeus/wazero/internal/wasm/interpreter/interpreter.go:968.4,971.41 3 0
github.com/heeus/wazero/internal/wasm/interpreter/interpreter.go:981.5,982.37 2 0
github.com/heeus/wazero/internal/wasm/interpreter/interpreter.go:972.61,973.61 1 0
github.com/heeus/wazero/internal/wasm/interpreter/interpreter.go:976.61,977.53 1 0
github.com/heeus/wazero/internal/wasm/interpreter/interpreter.go:973.61,974.59 1 0
github.com/heeus/wazero/internal/wasm/interpreter/interpreter.go:977.53,978.59 1 0
github.com/heeus/wazero/internal/wasm/interpreter/interpreter.go:985.4,988.48 3 0
github.com/heeus/wazero/internal/wasm/interpreter/interpreter.go:991.5,992.37 2 0
github.com/heeus/wazero/internal/wasm/interpreter/interpreter.go:988.48,989.58 1 0
github.com/heeus/wazero/internal/wasm/interpreter/interpreter.go:995.4,998.52 3 0
github.com/heeus/wazero/internal/wasm/interpreter/interpreter.go:1001.5,1002.37 2 0
github.com/heeus/wazero/internal/wasm/interpreter/interpreter.go:998.52,999.58 1 0
github.com/heeus/wazero/internal/wasm/interpreter/interpreter.go:1005.4,1008.52 3 0
github.com/heeus/wazero/internal/wasm/interpreter/interpreter.go:1011.5,1012.37 2 0
github.com/heeus/wazero/internal/wasm/interpreter/interpreter.go:1008.52,1009.58 1 0
github.com/heeus/wazero/internal/wasm/interpreter/interpreter.go:1015.4,1019.5 3 0
github.com/heeus/wazero/internal/wasm/interpreter/interpreter.go:1021.4,1027.5 5 0
github.com/heeus/wazero/internal/wasm/interpreter/interpreter.go:1030.4,1034.5 3 1
github.com/heeus/wazero/internal/wasm/interpreter/interpreter.go:1036.4,1038.41 2 0
github.com/heeus/wazero/internal/wasm/interpreter/interpreter.go:1049.5,1049.10 1 0
github.com/heeus/wazero/internal/wasm/interpreter/interpreter.go:1054.5,1055.37 2 0
github.com/heeus/wazero/internal/wasm/interpreter/interpreter.go:1039.61,1041.18 2 0
github.com/heeus/wazero/internal/wasm/interpreter/interpreter.go:1042.35,1044.78 2 0
github.com/heeus/wazero/internal/wasm/interpreter/interpreter.go:1045.35,1047.62 2 0
github.com/heeus/wazero/internal/wasm/interpreter/interpreter.go:1049.10,1051.6 1 0
github.com/heeus/wazero/internal/wasm/interpreter/interpreter.go:1051.11,1053.6 1 0
github.com/heeus/wazero/internal/wasm/interpreter/interpreter.go:1058.4,1060.41 2 0
github.com/heeus/wazero/internal/wasm/interpreter/interpreter.go:1071.5,1071.10 1 0
github.com/heeus/wazero/internal/wasm/interpreter/interpreter.go:1076.5,1077.37 2 0
github.com/heeus/wazero/internal/wasm/interpreter/interpreter.go:1061.61,1063.18 2 0
github.com/heeus/wazero/internal/wasm/interpreter/interpreter.go:1064.35,1066.78 2 0
github.com/heeus/wazero/internal/wasm/interpreter/interpreter.go:1067.35,1069.62 2 0
github.com/heeus/wazero/internal/wasm/interpreter/interpreter.go:1071.10,1073.6 1 0
github.com/heeus/wazero/internal/wasm/interpreter/interpreter.go:1073.11,1075.6 1 0
github.com/heeus/wazero/internal/wasm/interpreter/interpreter.go:1080.4,1081.27 1 0
github.com/heeus/wazero/internal/wasm/interpreter/interpreter.go:1086.5,1087.37 2 0
github.com/heeus/wazero/internal/wasm/interpreter/interpreter.go:1081.27,1083.6 1 0
github.com/heeus/wazero/internal/wasm/interpreter/interpreter.go:1083.11,1085.6 1 0
github.com/heeus/wazero/internal/wasm/interpreter/interpreter.go:1090.4,1094.39 4 0
github.com/heeus/wazero/internal/wasm/interpreter/interpreter.go:1106.5,1106.10 1 0
github.com/heeus/wazero/internal/wasm/interpreter/interpreter.go:1111.5,1112.37 2 0
github.com/heeus/wazero/internal/wasm/interpreter/interpreter.go:1095.35,1096.31 1 0
github.com/heeus/wazero/internal/wasm/interpreter/interpreter.go:1097.35,1098.31 1 0
github.com/heeus/wazero/internal/wasm/interpreter/interpreter.go:1099.63,1100.17 1 0
github.com/heeus/wazero/internal/wasm/interpreter/interpreter.go:1101.37,1102.77 1 0
github.com/heeus/wazero/internal/wasm/interpreter/interpreter.go:1103.37,1104.61 1 0
github.com/heeus/wazero/internal/wasm/interpreter/interpreter.go:1106.10,1108.6 1 0
github.com/heeus/wazero/internal/wasm/interpreter/interpreter.go:1108.11,1110.6 1 0
github.com/heeus/wazero/internal/wasm/interpreter/interpreter.go:1115.4,1119.39 4 0
github.com/heeus/wazero/internal/wasm/interpreter/interpreter.go:1131.5,1131.10 1 0
github.com/heeus/wazero/internal/wasm/interpreter/interpreter.go:1136.5,1137.37 2 0
github.com/heeus/wazero/internal/wasm/interpreter/interpreter.go:1120.35,1121.31 1 0
github.com/heeus/wazero/internal/wasm/interpreter/interpreter.go:1122.35,1123.31 1 0
github.com/heeus/wazero/internal/wasm/interpreter/interpreter.go:1124.63,1125.17 1 0
github.com/heeus/wazero/internal/wasm/interpreter/interpreter.go:1126.37,1127.77 1 0
github.com/heeus/wazero/internal/wasm/interpreter/interpreter.go:1128.37,1129.61 1 0
github.com/heeus/wazero/internal/wasm/interpreter/interpreter.go:1131.10,1133.6 1 0
github.com/heeus/wazero/internal/wasm/interpreter/interpreter.go:1133.11,1135.6 1 0
github.com/heeus/wazero/internal/wasm/interpreter/interpreter.go:1140.4,1144.39 4 0
github.com/heeus/wazero/internal/wasm/interpreter/interpreter.go:1156.5,1156.10 1 0
github.com/heeus/wazero/internal/wasm/interpreter/interpreter.go:1161.5,1162.37 2 0
github.com/heeus/wazero/internal/wasm/interpreter/interpreter.go:1145.35,1146.32 1 0
github.com/heeus/wazero/internal/wasm/interpreter/interpreter.go:1147.35,1148.32 1 0
github.com/heeus/wazero/internal/wasm/interpreter/interpreter.go:1149.63,1150.18 1 0
github.com/heeus/wazero/internal/wasm/interpreter/interpreter.go:1151.37,1152.78 1 0
github.com/heeus/wazero/internal/wasm/interpreter/interpreter.go:1153.37,1154.62 1 0
github.com/heeus/wazero/internal/wasm/interpreter/interpreter.go:1156.10,1158.6 1 0
github.com/heeus/wazero/internal/wasm/interpreter/interpreter.go:1158.11,1160.6 1 0
github.com/heeus/wazero/internal/wasm/interpreter/interpreter.go:1165.4,1169.39 4 0
github.com/heeus/wazero/internal/wasm/interpreter/interpreter.go:1181.5,1181.10 1 0
github.com/heeus/wazero/internal/wasm/interpreter/interpreter.go:1186.5,1187.37 2 0
github.com/heeus/wazero/internal/wasm/interpreter/interpreter.go:1170.35,1171.32 1 0
github.com/heeus/wazero/internal/wasm/interpreter/interpreter.go:1172.35,1173.32 1 0
github.com/heeus/wazero/internal/wasm/interpreter/interpreter.go:1174.63,1175.18 1 0
github.com/heeus/wazero/internal/wasm/interpreter/interpreter.go:1176.37,1177.78 1 0
github.com/heeus/wazero/internal/wasm/interpreter/interpreter.go:1178.37,1179.62 1 0
github.com/heeus/wazero/internal/wasm/interpreter/interpreter.go:1181.10,1183.6 1 0
github.com/heeus/wazero/internal/wasm/interpreter/interpreter.go:1183.11,1185.6 1 0
github.com/heeus/wazero/internal/wasm/interpreter/interpreter.go:1190.4,1193.41 3 0
github.com/heeus/wazero/internal/wasm/interpreter/interpreter.go:1206.5,1207.37 2 0
github.com/heeus/wazero/internal/wasm/interpreter/interpreter.go:1194.35,1196.29 2 0
github.com/heeus/wazero/internal/wasm/interpreter/interpreter.go:1197.35,1198.27 1 0
github.com/heeus/wazero/internal/wasm/interpreter/interpreter.go:1199.35,1201.47 2 0
github.com/heeus/wazero/internal/wasm/interpreter/interpreter.go:1202.35,1204.39 2 0
github.com/heeus/wazero/internal/wasm/interpreter/interpreter.go:1210.4,1213.41 3 0
github.com/heeus/wazero/internal/wasm/interpreter/interpreter.go:1225.5,1226.37 2 0
github.com/heeus/wazero/internal/wasm/interpreter/interpreter.go:1214.35,1215.51 1 0
github.com/heeus/wazero/internal/wasm/interpreter/interpreter.go:1216.35,1217.27 1 0
github.com/heeus/wazero/internal/wasm/interpreter/interpreter.go:1218.35,1220.47 2 0
github.com/heeus/wazero/internal/wasm/interpreter/interpreter.go:1221.35,1223.39 2 0
github.com/heeus/wazero/internal/wasm/interpreter/interpreter.go:1229.4,1232.41 3 0
github.com/heeus/wazero/internal/wasm/interpreter/interpreter.go:1244.5,1245.37 2 0
github.com/heeus/wazero/internal/wasm/interpreter/interpreter.go:1233.35,1234.51 1 0
github.com/heeus/wazero/internal/wasm/interpreter/interpreter.go:1235.35,1236.27 1 0
github.com/heeus/wazero/internal/wasm/interpreter/interpreter.go:1237.35,1239.47 2 0
github.com/heeus/wazero/internal/wasm/interpreter/interpreter.go:1240.35,1242.39 2 0
github.com/heeus/wazero/internal/wasm/interpreter/interpreter.go:1248.4,1250.19 2 0
github.com/heeus/wazero/internal/wasm/interpreter/interpreter.go:1257.5,1258.37 2 0
github.com/heeus/wazero/internal/wasm/interpreter/interpreter.go:1250.19,1253.6 1 0
github.com/heeus/wazero/internal/wasm/interpreter/interpreter.go:1253.11,1256.6 1 0
github.com/heeus/wazero/internal/wasm/interpreter/interpreter.go:1261.4,1263.19 2 0
github.com/heeus/wazero/internal/wasm/interpreter/interpreter.go:1270.5,1271.37 2 0
github.com/heeus/wazero/internal/wasm/interpreter/interpreter.go:1263.19,1266.6 1 0
github.com/heeus/wazero/internal/wasm/interpreter/interpreter.go:1266.11,1269.6 1 0
github.com/heeus/wazero/internal/wasm/interpreter/interpreter.go:1274.4,1276.19 2 0
github.com/heeus/wazero/internal/wasm/interpreter/interpreter.go:1283.5,1284.37 2 0
github.com/heeus/wazero/internal/wasm/interpreter/interpreter.go:1276.19,1279.6 1 0
github.com/heeus/wazero/internal/wasm/interpreter/interpreter.go:1279.11,1282.6 1 0
github.com/heeus/wazero/internal/wasm/interpreter/interpreter.go:1287.4,1291.14 3 1
github.com/heeus/wazero/internal/wasm/interpreter/interpreter.go:1299.5,1299.14 1 1
github.com/heeus/wazero/internal/wasm/interpreter/interpreter.go:1333.5,1334.37 2 1
github.com/heeus/wazero/internal/wasm/interpreter/interpreter.go:1292.65,1292.65 0 0
github.com/heeus/wazero/internal/wasm/interpreter/interpreter.go:1293.13,1294.17 1 1
github.com/heeus/wazero/internal/wasm/interpreter/interpreter.go:1294.17,1295.55 1 1
github.com/heeus/wazero/internal/wasm/interpreter/interpreter.go:1300.35,1303.39 3 0
github.com/heeus/wazero/internal/wasm/interpreter/interpreter.go:1306.6,1306.41 1 0
github.com/heeus/wazero/internal/wasm/interpreter/interpreter.go:1307.35,1310.39 3 0
github.com/heeus/wazero/internal/wasm/interpreter/interpreter.go:1313.6,1313.33 1 0
github.com/heeus/wazero/internal/wasm/interpreter/interpreter.go:1314.36,1317.33 3 1
github.com/heeus/wazero/internal/wasm/interpreter/interpreter.go:1318.36,1321.25 3 0
github.com/heeus/wazero/internal/wasm/interpreter/interpreter.go:1322.37,1326.47 4 0
github.com/heeus/wazero/internal/wasm/interpreter/interpreter.go:1327.37,1331.39 4 0
github.com/heeus/wazero/internal/wasm/interpreter/interpreter.go:1303.39,1304.51 1 0
github.com/heeus/wazero/internal/wasm/interpreter/interpreter.go:1310.39,1311.51 1 0
github.com/heeus/wazero/internal/wasm/interpreter/interpreter.go:1337.4,1339.16 2 0
github.com/heeus/wazero/internal/wasm/interpreter/interpreter.go:1342.5,1342.38 1 0
github.com/heeus/wazero/internal/wasm/interpreter/interpreter.go:1360.5,1361.37 2 0
github.com/heeus/wazero/internal/wasm/interpreter/interpreter.go:1339.16,1340.54 1 0
github.com/heeus/wazero/internal/wasm/interpreter/interpreter.go:1343.31,1346.41 3 0
github.com/heeus/wazero/internal/wasm/interpreter/interpreter.go:1347.31,1350.33 3 0
github.com/heeus/wazero/internal/wasm/interpreter/interpreter.go:1351.32,1354.33 3 0
github.com/heeus/wazero/internal/wasm/interpreter/interpreter.go:1355.32,1358.25 3 0
github.com/heeus/wazero/internal/wasm/interpreter/interpreter.go:1364.4,1367.19 3 0
github.com/heeus/wazero/internal/wasm/interpreter/interpreter.go:1374.5,1375.37 2 0
github.com/heeus/wazero/internal/wasm/interpreter/interpreter.go:1367.19,1370.6 1 0
github.com/heeus/wazero/internal/wasm/interpreter/interpreter.go:1370.11,1373.6 1 0
github.com/heeus/wazero/internal/wasm/interpreter/interpreter.go:1378.4,1381.19 3 0
github.com/heeus/wazero/internal/wasm/interpreter/interpreter.go:1388.5,1389.37 2 0
github.com/heeus/wazero/internal/wasm/interpreter/interpreter.go:1381.19,1384.6 1 0
github.com/heeus/wazero/internal/wasm/interpreter/interpreter.go:1384.11,1387.6 1 0
github.com/heeus/wazero/internal/wasm/interpreter/interpreter.go:1392.4,1395.19 3 0
github.com/heeus/wazero/internal/wasm/interpreter/interpreter.go:1402.5,1403.37 2 0
github.com/heeus/wazero/internal/wasm/interpreter/interpreter.go:1395.19,1398.6 1 0
github.com/heeus/wazero/internal/wasm/interpreter/interpreter.go:1398.11,1401.6 1 0
github.com/heeus/wazero/internal/wasm/interpreter/interpreter.go:1406.4,1409.19 3 0
github.com/heeus/wazero/internal/wasm/interpreter/interpreter.go:1416.5,1417.37 2 0
github.com/heeus/wazero/internal/wasm/interpreter/interpreter.go:1409.19,1412.6 1 0
github.com/heeus/wazero/internal/wasm/interpreter/interpreter.go:1412.11,1415.6 1 0
github.com/heeus/wazero/internal/wasm/interpreter/interpreter.go:1420.4,1423.38 3 0
github.com/heeus/wazero/internal/wasm/interpreter/interpreter.go:1433.5,1434.37 2 0
github.com/heeus/wazero/internal/wasm/interpreter/interpreter.go:1424.31,1425.58 1 0
github.com/heeus/wazero/internal/wasm/interpreter/interpreter.go:1426.31,1427.50 1 0
github.com/heeus/wazero/internal/wasm/interpreter/interpreter.go:1428.32,1429.59 1 0
github.com/heeus/wazero/internal/wasm/interpreter/interpreter.go:1430.32,1431.35 1 0
github.com/heeus/wazero/internal/wasm/interpreter/interpreter.go:1437.4,1440.19 3 0
github.com/heeus/wazero/internal/wasm/interpreter/interpreter.go:1447.5,1448.37 2 0
github.com/heeus/wazero/internal/wasm/interpreter/interpreter.go:1440.19,1443.6 1 0
github.com/heeus/wazero/internal/wasm/interpreter/interpreter.go:1443.11,1446.6 1 0
github.com/heeus/wazero/internal/wasm/interpreter/interpreter.go:1451.4,1454.19 3 0
github.com/heeus/wazero/internal/wasm/interpreter/interpreter.go:1461.5,1462.37 2 0
github.com/heeus/wazero/internal/wasm/interpreter/interpreter.go:1454.19,1457.6 1 0
github.com/heeus/wazero/internal/wasm/interpreter/interpreter.go:1457.11,1460.6 1 0
github.com/heeus/wazero/internal/wasm/interpreter/interpreter.go:1465.4,1466.19 1 0
github.com/heeus/wazero/internal/wasm/interpreter/interpreter.go:1475.5,1476.37 2 0
github.com/heeus/wazero/internal/wasm/interpreter/interpreter.go:1466.19,1470.6 2 0
github.com/heeus/wazero/internal/wasm/interpreter/interpreter.go:1470.11,1474.6 2 0
github.com/heeus/wazero/internal/wasm/interpreter/interpreter.go:1479.4,1480.19 1 0
github.com/heeus/wazero/internal/wasm/interpreter/interpreter.go:1489.5,1490.37 2 0
github.com/heeus/wazero/internal/wasm/interpreter/interpreter.go:1480.19,1484.6 2 0
github.com/heeus/wazero/internal/wasm/interpreter/interpreter.go:1484.11,1488.6 2 0
github.com/heeus/wazero/internal/wasm/interpreter/interpreter.go:1493.4,1494.19 1 0
github.com/heeus/wazero/internal/wasm/interpreter/interpreter.go:1503.5,1504.37 2 0
github.com/heeus/wazero/internal/wasm/interpreter/interpreter.go:1494.19,1498.6 2 0
github.com/heeus/wazero/internal/wasm/interpreter/interpreter.go:1498.11,1502.6 2 0
github.com/heeus/wazero/internal/wasm/interpreter/interpreter.go:1507.4,1508.19 1 0
github.com/heeus/wazero/internal/wasm/interpreter/interpreter.go:1517.5,1518.37 2 0
github.com/heeus/wazero/internal/wasm/interpreter/interpreter.go:1508.19,1512.6 2 0
github.com/heeus/wazero/internal/wasm/interpreter/interpreter.go:1512.11,1516.6 2 0
github.com/heeus/wazero/internal/wasm/interpreter/interpreter.go:1521.4,1522.19 1 0
github.com/heeus/wazero/internal/wasm/interpreter/interpreter.go:1531.5,1532.37 2 0
github.com/heeus/wazero/internal/wasm/interpreter/interpreter.go:1522.19,1526.6 2 0
github.com/heeus/wazero/internal/wasm/interpreter/interpreter.go:1526.11,1530.6 2 0
github.com/heeus/wazero/internal/wasm/interpreter/interpreter.go:1535.4,1536.19 1 0
github.com/heeus/wazero/internal/wasm/interpreter/interpreter.go:1545.5,1546.37 2 0
github.com/heeus/wazero/internal/wasm/interpreter/interpreter.go:1536.19,1540.6 2 0
github.com/heeus/wazero/internal/wasm/interpreter/interpreter.go:1540.11,1544.6 2 0
github.com/heeus/wazero/internal/wasm/interpreter/interpreter.go:1549.4,1550.19 1 0
github.com/heeus/wazero/internal/wasm/interpreter/interpreter.go:1559.5,1560.37 2 0
github.com/heeus/wazero/internal/wasm/interpreter/interpreter.go:1550.19,1554.6 2 0
github.com/heeus/wazero/internal/wasm/interpreter/interpreter.go:1554.11,1558.6 2 0
github.com/heeus/wazero/internal/wasm/interpreter/interpreter.go:1563.4,1564.19 1 0
github.com/heeus/wazero/internal/wasm/interpreter/interpreter.go:1574.5,1575.37 2 0
github.com/heeus/wazero/internal/wasm/interpreter/interpreter.go:1564.19,1569.6 3 0
github.com/heeus/wazero/internal/wasm/interpreter/interpreter.go:1569.11,1573.6 3 0
github.com/heeus/wazero/internal/wasm/interpreter/interpreter.go:1578.4,1580.19 1 0
github.com/heeus/wazero/internal/wasm/interpreter/interpreter.go:1591.5,1592.37 2 0
github.com/heeus/wazero/internal/wasm/interpreter/interpreter.go:1580.19,1585.6 3 0
github.com/heeus/wazero/internal/wasm/interpreter/interpreter.go:1585.11,1590.6 3 0
github.com/heeus/wazero/internal/wasm/interpreter/interpreter.go:1595.4,1596.19 1 0
github.com/heeus/wazero/internal/wasm/interpreter/interpreter.go:1609.5,1610.37 2 0
github.com/heeus/wazero/internal/wasm/interpreter/interpreter.go:1596.19,1602.6 4 0
github.com/heeus/wazero/internal/wasm/interpreter/interpreter.go:1602.11,1608.6 4 0
github.com/heeus/wazero/internal/wasm/interpreter/interpreter.go:1613.4,1617.5 3 0
github.com/heeus/wazero/internal/wasm/interpreter/interpreter.go:1619.4,1620.19 1 1
github.com/heeus/wazero/internal/wasm/interpreter/interpreter.go:1817.5,1818.37 2 1
github.com/heeus/wazero/internal/wasm/interpreter/interpreter.go:1620.19,1622.39 1 1
github.com/heeus/wazero/internal/wasm/interpreter/interpreter.go:1623.32,1625.24 2 1
github.com/heeus/wazero/internal/wasm/interpreter/interpreter.go:1644.7,1644.45 1 1
github.com/heeus/wazero/internal/wasm/interpreter/interpreter.go:1645.32,1648.24 3 1
github.com/heeus/wazero/internal/wasm/interpreter/interpreter.go:1669.7,1669.32 1 1
github.com/heeus/wazero/internal/wasm/interpreter/interpreter.go:1670.33,1672.24 2 1
github.com/heeus/wazero/internal/wasm/interpreter/interpreter.go:1691.7,1691.38 1 1
github.com/heeus/wazero/internal/wasm/interpreter/interpreter.go:1692.33,1695.24 3 1
github.com/heeus/wazero/internal/wasm/interpreter/interpreter.go:1716.7,1716.24 1 1
github.com/heeus/wazero/internal/wasm/interpreter/interpreter.go:1625.24,1626.17 1 1
github.com/heeus/wazero/internal/wasm/interpreter/interpreter.go:1626.17,1629.9 1 1
github.com/heeus/wazero/internal/wasm/interpreter/interpreter.go:1629.14,1630.64 1 0
github.com/heeus/wazero/internal/wasm/interpreter/interpreter.go:1632.13,1632.56 1 1
github.com/heeus/wazero/internal/wasm/interpreter/interpreter.go:1632.56,1633.17 1 1
github.com/heeus/wazero/internal/wasm/interpreter/interpreter.go:1633.17,1635.18 1 1
github.com/heeus/wazero/internal/wasm/interpreter/interpreter.go:1635.18,1637.10 1 1
github.com/heeus/wazero/internal/wasm/interpreter/interpreter.go:1637.15,1639.10 1 1
github.com/heeus/wazero/internal/wasm/interpreter/interpreter.go:1640.14,1641.53 1 0
github.com/heeus/wazero/internal/wasm/interpreter/interpreter.go:1648.24,1649.17 1 1
github.com/heeus/wazero/internal/wasm/interpreter/interpreter.go:1649.17,1652.9 1 1
github.com/heeus/wazero/internal/wasm/interpreter/interpreter.go:1652.14,1653.64 1 0
github.com/heeus/wazero/internal/wasm/interpreter/interpreter.go:1655.13,1655.57 1 1
github.com/heeus/wazero/internal/wasm/interpreter/interpreter.go:1655.57,1658.17 1 1
github.com/heeus/wazero/internal/wasm/interpreter/interpreter.go:1658.17,1660.18 1 1
github.com/heeus/wazero/internal/wasm/interpreter/interpreter.go:1660.18,1662.10 1 1
github.com/heeus/wazero/internal/wasm/interpreter/interpreter.go:1662.15,1664.10 1 1
github.com/heeus/wazero/internal/wasm/interpreter/interpreter.go:1665.14,1666.53 1 0
github.com/heeus/wazero/internal/wasm/interpreter/interpreter.go:1672.24,1673.17 1 1
github.com/heeus/wazero/internal/wasm/interpreter/interpreter.go:1673.17,1676.9 1 1
github.com/heeus/wazero/internal/wasm/interpreter/interpreter.go:1676.14,1677.64 1 0
github.com/heeus/wazero/internal/wasm/interpreter/interpreter.go:1679.13,1679.45 1 1
github.com/heeus/wazero/internal/wasm/interpreter/interpreter.go:1679.45,1680.17 1 1
github.com/heeus/wazero/internal/wasm/interpreter/interpreter.go:1680.17,1682.18 1 1
github.com/heeus/wazero/internal/wasm/interpreter/interpreter.go:1682.18,1684.10 1 1
github.com/heeus/wazero/internal/wasm/interpreter/interpreter.go:1684.15,1686.10 1 1
github.com/heeus/wazero/internal/wasm/interpreter/interpreter.go:1687.14,1688.53 1 0
github.com/heeus/wazero/internal/wasm/interpreter/interpreter.go:1695.24,1696.17 1 1
github.com/heeus/wazero/internal/wasm/interpreter/interpreter.go:1696.17,1699.9 1 1
github.com/heeus/wazero/internal/wasm/interpreter/interpreter.go:1699.14,1700.64 1 0
github.com/heeus/wazero/internal/wasm/interpreter/interpreter.go:1702.13,1702.46 1 1
github.com/heeus/wazero/internal/wasm/interpreter/interpreter.go:1702.46,1705.17 1 1
github.com/heeus/wazero/internal/wasm/interpreter/interpreter.go:1705.17,1707.18 1 1
github.com/heeus/wazero/internal/wasm/interpreter/interpreter.go:1707.18,1709.10 1 1
github.com/heeus/wazero/internal/wasm/interpreter/interpreter.go:1709.15,1711.10 1 1
github.com/heeus/wazero/internal/wasm/interpreter/interpreter.go:1712.14,1713.53 1 0
github.com/heeus/wazero/internal/wasm/interpreter/interpreter.go:1718.11,1720.39 1 1
github.com/heeus/wazero/internal/wasm/interpreter/interpreter.go:1721.32,1723.24 2 1
github.com/heeus/wazero/internal/wasm/interpreter/interpreter.go:1742.7,1742.45 1 1
github.com/heeus/wazero/internal/wasm/interpreter/interpreter.go:1743.32,1746.24 3 1
github.com/heeus/wazero/internal/wasm/interpreter/interpreter.go:1767.7,1767.32 1 1
github.com/heeus/wazero/internal/wasm/interpreter/interpreter.go:1768.33,1770.24 2 1
github.com/heeus/wazero/internal/wasm/interpreter/interpreter.go:1789.7,1789.38 1 1
github.com/heeus/wazero/internal/wasm/interpreter/interpreter.go:1790.33,1793.24 3 1
github.com/heeus/wazero/internal/wasm/interpreter/interpreter.go:1814.7,1814.24 1 1
github.com/heeus/wazero/internal/wasm/interpreter/interpreter.go:1723.24,1724.17 1 1
github.com/heeus/wazero/internal/wasm/interpreter/interpreter.go:1724.17,1727.9 1 1
github.com/heeus/wazero/internal/wasm/interpreter/interpreter.go:1727.14,1728.64 1 0
github.com/heeus/wazero/internal/wasm/interpreter/interpreter.go:1730.13,1730.56 1 1
github.com/heeus/wazero/internal/wasm/interpreter/interpreter.go:1730.56,1731.17 1 1
github.com/heeus/wazero/internal/wasm/interpreter/interpreter.go:1731.17,1733.18 1 1
github.com/heeus/wazero/internal/wasm/interpreter/interpreter.go:1733.18,1735.10 1 1
github.com/heeus/wazero/internal/wasm/interpreter/interpreter.go:1735.15,1737.10 1 1
github.com/heeus/wazero/internal/wasm/interpreter/interpreter.go:1738.14,1739.53 1 0
github.com/heeus/wazero/internal/wasm/interpreter/interpreter.go:1746.24,1747.17 1 1
github.com/heeus/wazero/internal/wasm/interpreter/interpreter.go:1747.17,1750.9 1 1
github.com/heeus/wazero/internal/wasm/interpreter/interpreter.go:1750.14,1751.64 1 0
github.com/heeus/wazero/internal/wasm/interpreter/interpreter.go:1753.13,1753.57 1 1
github.com/heeus/wazero/internal/wasm/interpreter/interpreter.go:1753.57,1756.17 1 1
github.com/heeus/wazero/internal/wasm/interpreter/interpreter.go:1756.17,1758.18 1 1
github.com/heeus/wazero/internal/wasm/interpreter/interpreter.go:1758.18,1760.10 1 1
github.com/heeus/wazero/internal/wasm/interpreter/interpreter.go:1760.15,1762.10 1 1
github.com/heeus/wazero/internal/wasm/interpreter/interpreter.go:1763.14,1764.53 1 0
github.com/heeus/wazero/internal/wasm/interpreter/interpreter.go:1770.24,1771.17 1 1
github.com/heeus/wazero/internal/wasm/interpreter/interpreter.go:1771.17,1774.9 1 1
github.com/heeus/wazero/internal/wasm/interpreter/interpreter.go:1774.14,1775.64 1 0
github.com/heeus/wazero/internal/wasm/interpreter/interpreter.go:1777.13,1777.45 1 1
github.com/heeus/wazero/internal/wasm/interpreter/interpreter.go:1777.45,1778.17 1 1
github.com/heeus/wazero/internal/wasm/interpreter/interpreter.go:1778.17,1780.18 1 1
github.com/heeus/wazero/internal/wasm/interpreter/interpreter.go:1780.18,1782.10 1 1
github.com/heeus/wazero/internal/wasm/interpreter/interpreter.go:1782.15,1784.10 1 1
github.com/heeus/wazero/internal/wasm/interpreter/interpreter.go:1785.14,1786.53 1 0
github.com/heeus/wazero/internal/wasm/interpreter/interpreter.go:1793.24,1794.17 1 1
github.com/heeus/wazero/internal/wasm/interpreter/interpreter.go:1794.17,1797.9 1 1
github.com/heeus/wazero/internal/wasm/interpreter/interpreter.go:1797.14,1798.64 1 0
github.com/heeus/wazero/internal/wasm/interpreter/interpreter.go:1800.13,1800.46 1 1
github.com/heeus/wazero/internal/wasm/interpreter/interpreter.go:1800.46,1803.17 1 1
github.com/heeus/wazero/internal/wasm/interpreter/interpreter.go:1803.17,1805.18 1 1
github.com/heeus/wazero/internal/wasm/interpreter/interpreter.go:1805.18,1807.10 1 1
github.com/heeus/wazero/internal/wasm/interpreter/interpreter.go:1807.15,1809.10 1 1
github.com/heeus/wazero/internal/wasm/interpreter/interpreter.go:1810.14,1811.53 1 0
github.com/heeus/wazero/internal/wasm/interpreter/interpreter.go:1821.4,1822.38 1 0
github.com/heeus/wazero/internal/wasm/interpreter/interpreter.go:1864.5,1865.37 2 0
github.com/heeus/wazero/internal/wasm/interpreter/interpreter.go:1823.31,1824.20 1 0
github.com/heeus/wazero/internal/wasm/interpreter/interpreter.go:1833.31,1834.20 1 0
github.com/heeus/wazero/internal/wasm/interpreter/interpreter.go:1843.32,1844.20 1 0
github.com/heeus/wazero/internal/wasm/interpreter/interpreter.go:1853.32,1854.20 1 0
github.com/heeus/wazero/internal/wasm/interpreter/interpreter.go:1824.20,1828.7 2 0
github.com/heeus/wazero/internal/wasm/interpreter/interpreter.go:1828.12,1832.7 2 0
github.com/heeus/wazero/internal/wasm/interpreter/interpreter.go:1834.20,1838.7 2 0
github.com/heeus/wazero/internal/wasm/interpreter/interpreter.go:1838.12,1842.7 2 0
github.com/heeus/wazero/internal/wasm/interpreter/interpreter.go:1844.20,1848.7 2 0
github.com/heeus/wazero/internal/wasm/interpreter/interpreter.go:1848.12,1852.7 2 0
github.com/heeus/wazero/internal/wasm/interpreter/interpreter.go:1854.20,1858.7 2 0
github.com/heeus/wazero/internal/wasm/interpreter/interpreter.go:1858.12,1862.7 2 0
github.com/heeus/wazero/internal/wasm/interpreter/interpreter.go:1868.4,1872.5 3 0
github.com/heeus/wazero/internal/wasm/interpreter/interpreter.go:1874.4,1879.5 4 0
github.com/heeus/wazero/internal/wasm/interpreter/interpreter.go:1881.4,1882.19 1 0
github.com/heeus/wazero/internal/wasm/interpreter/interpreter.go:1890.5,1891.37 2 0
github.com/heeus/wazero/internal/wasm/interpreter/interpreter.go:1882.19,1886.6 2 0
github.com/heeus/wazero/internal/wasm/interpreter/interpreter.go:1886.11,1889.6 2 0
github.com/heeus/wazero/internal/wasm/interpreter/interpreter.go:1895.4,1900.5 4 1
github.com/heeus/wazero/internal/wasm/interpreter/interpreter.go:1902.4,1907.5 4 1
github.com/heeus/wazero/internal/wasm/interpreter/interpreter.go:1909.4,1914.5 4 1
github.com/heeus/wazero/internal/wasm/interpreter/interpreter.go:1916.4,1921.5 4 1
github.com/heeus/wazero/internal/wasm/interpreter/interpreter.go:1923.4,1928.5 4 1
github.com/heeus/wazero/internal/wasm/interpreter/interpreter.go:1935.62,1936.57 1 0
github.com/heeus/wazero/internal/wasm/interpreter/interpreter.go:1937.10,1937.28 1 0
github.com/heeus/wazero/internal/wasm/interpreter/interpreter.go:1937.28,1939.5 1 0
github.com/heeus/wazero/internal/wasm/interpreter/interpreter.go:1951.77,1952.57 1 0
github.com/heeus/wazero/internal/wasm/interpreter/interpreter.go:1953.10,1953.28 1 0
github.com/heeus/wazero/internal/wasm/interpreter/interpreter.go:1953.28,1956.5 1 0
github.com/heeus/wazero/internal/wasm/interpreter/interpreter.go:1963.56,1964.57 1 0
github.com/heeus/wazero/internal/wasm/interpreter/interpreter.go:1965.10,1965.28 1 0
github.com/heeus/wazero/internal/wasm/interpreter/interpreter.go:1965.28,1970.38 3 0
github.com/heeus/wazero/internal/wasm/interpreter/interpreter.go:1970.38,1972.6 1 0
github.com/heeus/wazero/internal/wasm/interpreter/interpreter.go:1982.60,1983.52 1 0
github.com/heeus/wazero/internal/wasm/interpreter/interpreter.go:1984.10,1984.28 1 0
github.com/heeus/wazero/internal/wasm/interpreter/interpreter.go:1984.28,1986.5 1 0
github.com/heeus/wazero/internal/wasm/interpreter/interpreter.go:1998.81,1999.52 1 0
github.com/heeus/wazero/internal/wasm/interpreter/interpreter.go:2000.10,2000.28 1 0
github.com/heeus/wazero/internal/wasm/interpreter/interpreter.go:2000.28,2002.5 1 0
github.com/heeus/wazero/internal/wasm/interpreter/interpreter.go:2013.171,2019.2 4 0
github.com/heeus/wazero/internal/wasm/interpreter/interpreter.go:2023.65,2026.29 2 0
github.com/heeus/wazero/internal/wasm/interpreter/interpreter.go:2029.2,2029.23 1 0
github.com/heeus/wazero/internal/wasm/interpreter/interpreter.go:2026.29,2027.55 1 0
github.com/heeus/wazero/internal/wasm/interpreter/interpreter.go:2032.118,2035.51 3 1
github.com/heeus/wazero/internal/wasm/interpreter/interpreter.go:2042.2,2042.28 1 1
github.com/heeus/wazero/internal/wasm/interpreter/interpreter.go:2035.51,2038.3 2 0
github.com/heeus/wazero/internal/wasm/interpreter/interpreter.go:2038.8,2041.3 2 1
github.com/heeus/wazero/internal/wasm/interpreter/interpreter.go:2042.28,2044.3 1 1
github.com/heeus/wazero/internal/wasm/text/typeuse_parser.go:10.121,12.2 1 1
github.com/heeus/wazero/internal/wasm/text/typeuse_parser.go:106.149,109.13 3 1
github.com/heeus/wazero/internal/wasm/text/typeuse_parser.go:117.2,117.83 1 1
github.com/heeus/wazero/internal/wasm/text/typeuse_parser.go:110.19,113.39 3 1
github.com/heeus/wazero/internal/wasm/text/typeuse_parser.go:114.19,115.33 1 1
github.com/heeus/wazero/internal/wasm/text/typeuse_parser.go:124.75,125.41 1 1
github.com/heeus/wazero/internal/wasm/text/typeuse_parser.go:131.2,133.35 3 1
github.com/heeus/wazero/internal/wasm/text/typeuse_parser.go:140.2,140.17 1 1
github.com/heeus/wazero/internal/wasm/text/typeuse_parser.go:146.2,149.10 4 1
github.com/heeus/wazero/internal/wasm/text/typeuse_parser.go:125.41,126.15 1 1
github.com/heeus/wazero/internal/wasm/text/typeuse_parser.go:126.15,128.4 1 1
github.com/heeus/wazero/internal/wasm/text/typeuse_parser.go:133.35,134.15 1 1
github.com/heeus/wazero/internal/wasm/text/typeuse_parser.go:134.15,137.4 2 1
github.com/heeus/wazero/internal/wasm/text/typeuse_parser.go:140.17,143.3 2 1
github.com/heeus/wazero/internal/wasm/text/typeuse_parser.go:153.121,155.27 2 1
github.com/heeus/wazero/internal/wasm/text/typeuse_parser.go:159.2,161.57 3 1
github.com/heeus/wazero/internal/wasm/text/typeuse_parser.go:166.2,167.57 2 1
github.com/heeus/wazero/internal/wasm/text/typeuse_parser.go:155.27,158.3 2 1
github.com/heeus/wazero/internal/wasm/text/typeuse_parser.go:161.57,165.3 3 1
github.com/heeus/wazero/internal/wasm/text/typeuse_parser.go:172.108,174.16 2 1
github.com/heeus/wazero/internal/wasm/text/typeuse_parser.go:178.2,179.15 2 1
github.com/heeus/wazero/internal/wasm/text/typeuse_parser.go:182.2,182.28 1 1
github.com/heeus/wazero/internal/wasm/text/typeuse_parser.go:174.16,176.3 1 1
github.com/heeus/wazero/internal/wasm/text/typeuse_parser.go:179.15,181.3 1 1
github.com/heeus/wazero/internal/wasm/text/typeuse_parser.go:187.106,188.13 1 1
github.com/heeus/wazero/internal/wasm/text/typeuse_parser.go:189.24,190.44 1 1
github.com/heeus/wazero/internal/wasm/text/typeuse_parser.go:191.19,193.40 2 1
github.com/heeus/wazero/internal/wasm/text/typeuse_parser.go:194.10,195.47 1 1
github.com/heeus/wazero/internal/wasm/text/typeuse_parser.go:200.117,201.25 1 1
github.com/heeus/wazero/internal/wasm/text/typeuse_parser.go:205.2,206.28 2 1
github.com/heeus/wazero/internal/wasm/text/typeuse_parser.go:201.25,203.3 1 1
github.com/heeus/wazero/internal/wasm/text/typeuse_parser.go:207.15,210.29 3 1
github.com/heeus/wazero/internal/wasm/text/typeuse_parser.go:211.16,214.28 3 1
github.com/heeus/wazero/internal/wasm/text/typeuse_parser.go:215.14,216.43 1 1
github.com/heeus/wazero/internal/wasm/text/typeuse_parser.go:217.10,218.75 1 1
github.com/heeus/wazero/internal/wasm/text/typeuse_parser.go:224.122,225.24 1 1
github.com/heeus/wazero/internal/wasm/text/typeuse_parser.go:228.2,228.47 1 1
github.com/heeus/wazero/internal/wasm/text/typeuse_parser.go:225.24,227.3 1 1
github.com/heeus/wazero/internal/wasm/text/typeuse_parser.go:233.115,234.24 1 1
github.com/heeus/wazero/internal/wasm/text/typeuse_parser.go:238.2,238.47 1 1
github.com/heeus/wazero/internal/wasm/text/typeuse_parser.go:234.24,237.3 2 1
github.com/heeus/wazero/internal/wasm/text/typeuse_parser.go:242.110,243.25 1 1
github.com/heeus/wazero/internal/wasm/text/typeuse_parser.go:247.2,247.28 1 1
github.com/heeus/wazero/internal/wasm/text/typeuse_parser.go:243.25,245.3 1 0
github.com/heeus/wazero/internal/wasm/text/typeuse_parser.go:248.15,249.47 1 1
github.com/heeus/wazero/internal/wasm/text/typeuse_parser.go:250.16,252.75 1 1
github.com/heeus/wazero/internal/wasm/text/typeuse_parser.go:257.3,258.28 2 1
github.com/heeus/wazero/internal/wasm/text/typeuse_parser.go:259.14,260.46 1 1
github.com/heeus/wazero/internal/wasm/text/typeuse_parser.go:261.10,262.75 1 1
github.com/heeus/wazero/internal/wasm/text/typeuse_parser.go:252.75,255.4 2 1
github.com/heeus/wazero/internal/wasm/text/typeuse_parser.go:274.111,275.20 1 1
github.com/heeus/wazero/internal/wasm/text/typeuse_parser.go:282.2,282.49 1 1
github.com/heeus/wazero/internal/wasm/text/typeuse_parser.go:275.20,276.50 1 1
github.com/heeus/wazero/internal/wasm/text/typeuse_parser.go:279.3,280.27 2 1
github.com/heeus/wazero/internal/wasm/text/typeuse_parser.go:276.50,278.4 1 1
github.com/heeus/wazero/internal/wasm/text/typeuse_parser.go:286.58,290.33 2 1
github.com/heeus/wazero/internal/wasm/text/typeuse_parser.go:294.2,295.25 2 1
github.com/heeus/wazero/internal/wasm/text/typeuse_parser.go:302.2,303.12 2 1
github.com/heeus/wazero/internal/wasm/text/typeuse_parser.go:290.33,292.3 1 1
github.com/heeus/wazero/internal/wasm/text/typeuse_parser.go:295.25,297.3 1 1
github.com/heeus/wazero/internal/wasm/text/typeuse_parser.go:297.8,297.42 1 1
github.com/heeus/wazero/internal/wasm/text/typeuse_parser.go:297.42,299.3 1 1
github.com/heeus/wazero/internal/wasm/text/typeuse_parser.go:299.8,301.3 1 1
github.com/heeus/wazero/internal/wasm/text/typeuse_parser.go:317.104,318.13 1 1
github.com/heeus/wazero/internal/wasm/text/typeuse_parser.go:319.15,320.56 1 1
github.com/heeus/wazero/internal/wasm/text/typeuse_parser.go:321.20,323.17 2 1
github.com/heeus/wazero/internal/wasm/text/typeuse_parser.go:326.3,326.43 1 1
github.com/heeus/wazero/internal/wasm/text/typeuse_parser.go:329.3,329.34 1 1
github.com/heeus/wazero/internal/wasm/text/typeuse_parser.go:334.3,335.27 2 1
github.com/heeus/wazero/internal/wasm/text/typeuse_parser.go:336.19,340.40 3 1
github.com/heeus/wazero/internal/wasm/text/typeuse_parser.go:341.10,342.47 1 1
github.com/heeus/wazero/internal/wasm/text/typeuse_parser.go:323.17,325.4 1 1
github.com/heeus/wazero/internal/wasm/text/typeuse_parser.go:326.43,328.4 1 1
github.com/heeus/wazero/internal/wasm/text/typeuse_parser.go:329.34,331.4 1 1
github.com/heeus/wazero/internal/wasm/text/typeuse_parser.go:331.9,333.4 1 1
github.com/heeus/wazero/internal/wasm/text/typeuse_parser.go:357.105,358.13 1 1
github.com/heeus/wazero/internal/wasm/text/typeuse_parser.go:359.15,360.58 1 1
github.com/heeus/wazero/internal/wasm/text/typeuse_parser.go:361.20,362.75 1 1
github.com/heeus/wazero/internal/wasm/text/typeuse_parser.go:369.3,370.17 2 1
github.com/heeus/wazero/internal/wasm/text/typeuse_parser.go:373.3,373.34 1 1
github.com/heeus/wazero/internal/wasm/text/typeuse_parser.go:378.3,378.28 1 1
github.com/heeus/wazero/internal/wasm/text/typeuse_parser.go:379.19,383.33 3 1
github.com/heeus/wazero/internal/wasm/text/typeuse_parser.go:384.10,385.47 1 1
github.com/heeus/wazero/internal/wasm/text/typeuse_parser.go:362.75,364.76 1 1
github.com/heeus/wazero/internal/wasm/text/typeuse_parser.go:364.76,367.5 2 1
github.com/heeus/wazero/internal/wasm/text/typeuse_parser.go:370.17,372.4 1 1
github.com/heeus/wazero/internal/wasm/text/typeuse_parser.go:373.34,375.4 1 1
github.com/heeus/wazero/internal/wasm/text/typeuse_parser.go:375.9,377.4 1 1
github.com/heeus/wazero/internal/wasm/text/typeuse_parser.go:389.107,391.24 2 1
github.com/heeus/wazero/internal/wasm/text/typeuse_parser.go:394.2,394.47 1 1
github.com/heeus/wazero/internal/wasm/text/typeuse_parser.go:391.24,393.3 1 1
github.com/heeus/wazero/internal/wasm/text/typeuse_parser.go:397.47,398.15 1 1
github.com/heeus/wazero/internal/wasm/text/typeuse_parser.go:406.2,406.11 1 1
github.com/heeus/wazero/internal/wasm/text/typeuse_parser.go:399.20,400.17 1 1
github.com/heeus/wazero/internal/wasm/text/typeuse_parser.go:401.21,402.51 1 1
github.com/heeus/wazero/internal/wasm/text/typeuse_parser.go:403.22,404.52 1 1
github.com/heeus/wazero/internal/wasm/text/typeuse_parser.go:418.135,421.23 2 1
github.com/heeus/wazero/internal/wasm/text/typeuse_parser.go:433.2,433.76 1 1
github.com/heeus/wazero/internal/wasm/text/typeuse_parser.go:421.23,423.17 2 1
github.com/heeus/wazero/internal/wasm/text/typeuse_parser.go:423.17,425.4 1 1
github.com/heeus/wazero/internal/wasm/text/typeuse_parser.go:426.8,426.40 1 1
github.com/heeus/wazero/internal/wasm/text/typeuse_parser.go:426.40,428.3 1 1
github.com/heeus/wazero/internal/wasm/text/typeuse_parser.go:428.8,430.3 1 1
github.com/heeus/wazero/internal/wasm/text/typeuse_parser.go:437.55,439.41 2 1
github.com/heeus/wazero/internal/wasm/text/typeuse_parser.go:445.2,446.10 2 1
github.com/heeus/wazero/internal/wasm/text/typeuse_parser.go:439.41,440.47 1 1
github.com/heeus/wazero/internal/wasm/text/typeuse_parser.go:440.47,442.4 1 1
github.com/heeus/wazero/internal/wasm/text/typeuse_parser.go:449.62,450.33 1 1
github.com/heeus/wazero/internal/wasm/text/typeuse_parser.go:455.2,456.41 2 1
github.com/heeus/wazero/internal/wasm/text/typeuse_parser.go:467.2,467.21 1 1
github.com/heeus/wazero/internal/wasm/text/typeuse_parser.go:450.33,453.3 2 1
github.com/heeus/wazero/internal/wasm/text/typeuse_parser.go:456.41,459.109 2 1
github.com/heeus/wazero/internal/wasm/text/typeuse_parser.go:459.109,461.4 1 1
github.com/heeus/wazero/internal/wasm/text/typeuse_parser.go:462.8,466.3 2 1
github.com/heeus/wazero/internal/wasm/text/typeuse_parser.go:472.68,473.35 1 1
github.com/heeus/wazero/internal/wasm/text/typeuse_parser.go:481.2,482.45 2 1
github.com/heeus/wazero/internal/wasm/text/typeuse_parser.go:473.35,474.47 1 1
github.com/heeus/wazero/internal/wasm/text/typeuse_parser.go:474.47,477.4 2 1
github.com/heeus/wazero/internal/wasm/text/typeuse_parser.go:492.66,496.2 3 1
github.com/heeus/wazero/internal/wasm/text/typeuse_parser.go:501.134,502.58 1 1
github.com/heeus/wazero/internal/wasm/text/typeuse_parser.go:505.2,505.12 1 1
github.com/heeus/wazero/internal/wasm/text/typeuse_parser.go:502.58,504.3 1 1
github.com/heeus/wazero/internal/wasm/text/decoder.go:107.123,123.16 6 1
github.com/heeus/wazero/internal/wasm/text/decoder.go:128.2,128.49 1 1
github.com/heeus/wazero/internal/wasm/text/decoder.go:131.2,131.52 1 1
github.com/heeus/wazero/internal/wasm/text/decoder.go:134.2,134.56 1 1
github.com/heeus/wazero/internal/wasm/text/decoder.go:139.2,139.85 1 1
github.com/heeus/wazero/internal/wasm/text/decoder.go:143.2,143.20 1 1
github.com/heeus/wazero/internal/wasm/text/decoder.go:123.16,125.3 1 1
github.com/heeus/wazero/internal/wasm/text/decoder.go:128.49,130.3 1 1
github.com/heeus/wazero/internal/wasm/text/decoder.go:131.52,133.3 1 1
github.com/heeus/wazero/internal/wasm/text/decoder.go:134.56,136.3 1 1
github.com/heeus/wazero/internal/wasm/text/decoder.go:139.85,141.3 1 1
github.com/heeus/wazero/internal/wasm/text/decoder.go:146.113,157.2 6 1
github.com/heeus/wazero/internal/wasm/text/decoder.go:160.105,161.24 1 1
github.com/heeus/wazero/internal/wasm/text/decoder.go:164.2,164.32 1 1
github.com/heeus/wazero/internal/wasm/text/decoder.go:161.24,163.3 1 1
github.com/heeus/wazero/internal/wasm/text/decoder.go:168.109,169.25 1 1
github.com/heeus/wazero/internal/wasm/text/decoder.go:173.2,173.36 1 1
github.com/heeus/wazero/internal/wasm/text/decoder.go:177.2,178.31 2 1
github.com/heeus/wazero/internal/wasm/text/decoder.go:169.25,171.3 1 1
github.com/heeus/wazero/internal/wasm/text/decoder.go:173.36,175.3 1 1
github.com/heeus/wazero/internal/wasm/text/decoder.go:182.109,183.25 1 1
github.com/heeus/wazero/internal/wasm/text/decoder.go:221.2,221.32 1 1
github.com/heeus/wazero/internal/wasm/text/decoder.go:183.25,184.29 1 1
github.com/heeus/wazero/internal/wasm/text/decoder.go:185.15,187.34 2 1
github.com/heeus/wazero/internal/wasm/text/decoder.go:188.17,190.35 2 1
github.com/heeus/wazero/internal/wasm/text/decoder.go:191.32,193.34 2 1
github.com/heeus/wazero/internal/wasm/text/decoder.go:194.33,195.50 1 0
github.com/heeus/wazero/internal/wasm/text/decoder.go:196.34,197.62 1 1
github.com/heeus/wazero/internal/wasm/text/decoder.go:200.4,201.36 2 1
github.com/heeus/wazero/internal/wasm/text/decoder.go:202.34,203.50 1 0
github.com/heeus/wazero/internal/wasm/text/decoder.go:204.17,206.33 2 1
github.com/heeus/wazero/internal/wasm/text/decoder.go:207.16,208.61 1 1
github.com/heeus/wazero/internal/wasm/text/decoder.go:211.4,212.28 2 1
github.com/heeus/wazero/internal/wasm/text/decoder.go:213.15,214.40 1 0
github.com/heeus/wazero/internal/wasm/text/decoder.go:215.15,216.40 1 0
github.com/heeus/wazero/internal/wasm/text/decoder.go:217.11,218.47 1 1
github.com/heeus/wazero/internal/wasm/text/decoder.go:197.62,199.5 1 1
github.com/heeus/wazero/internal/wasm/text/decoder.go:208.61,210.5 1 1
github.com/heeus/wazero/internal/wasm/text/decoder.go:231.113,232.20 1 1
github.com/heeus/wazero/internal/wasm/text/decoder.go:236.2,236.50 1 1
github.com/heeus/wazero/internal/wasm/text/decoder.go:232.20,235.3 2 1
github.com/heeus/wazero/internal/wasm/text/decoder.go:241.104,242.13 1 1
github.com/heeus/wazero/internal/wasm/text/decoder.go:243.15,244.56 1 1
github.com/heeus/wazero/internal/wasm/text/decoder.go:245.19,246.33 1 1
github.com/heeus/wazero/internal/wasm/text/decoder.go:247.19,249.50 2 1
github.com/heeus/wazero/internal/wasm/text/decoder.go:250.10,251.47 1 1
github.com/heeus/wazero/internal/wasm/text/decoder.go:256.69,260.2 3 1
github.com/heeus/wazero/internal/wasm/text/decoder.go:270.110,271.13 1 1
github.com/heeus/wazero/internal/wasm/text/decoder.go:272.19,275.32 3 1
github.com/heeus/wazero/internal/wasm/text/decoder.go:276.32,277.52 1 1
github.com/heeus/wazero/internal/wasm/text/decoder.go:278.10,279.47 1 1
github.com/heeus/wazero/internal/wasm/text/decoder.go:292.108,293.13 1 1
github.com/heeus/wazero/internal/wasm/text/decoder.go:294.19,297.28 3 1
github.com/heeus/wazero/internal/wasm/text/decoder.go:298.32,299.41 1 1
github.com/heeus/wazero/internal/wasm/text/decoder.go:300.10,301.47 1 1
github.com/heeus/wazero/internal/wasm/text/decoder.go:306.104,307.13 1 1
github.com/heeus/wazero/internal/wasm/text/decoder.go:308.19,309.80 1 1
github.com/heeus/wazero/internal/wasm/text/decoder.go:310.19,311.32 1 1
github.com/heeus/wazero/internal/wasm/text/decoder.go:312.19,313.54 1 1
github.com/heeus/wazero/internal/wasm/text/decoder.go:314.10,315.47 1 1
github.com/heeus/wazero/internal/wasm/text/decoder.go:320.108,321.25 1 1
github.com/heeus/wazero/internal/wasm/text/decoder.go:325.2,325.28 1 1
github.com/heeus/wazero/internal/wasm/text/decoder.go:321.25,323.3 1 1
github.com/heeus/wazero/internal/wasm/text/decoder.go:326.31,327.63 1 1
github.com/heeus/wazero/internal/wasm/text/decoder.go:330.3,331.34 2 1
github.com/heeus/wazero/internal/wasm/text/decoder.go:332.86,333.49 1 0
github.com/heeus/wazero/internal/wasm/text/decoder.go:334.10,335.46 1 1
github.com/heeus/wazero/internal/wasm/text/decoder.go:327.63,329.4 1 1
github.com/heeus/wazero/internal/wasm/text/decoder.go:347.115,348.20 1 1
github.com/heeus/wazero/internal/wasm/text/decoder.go:356.2,356.54 1 1
github.com/heeus/wazero/internal/wasm/text/decoder.go:348.20,349.65 1 1
github.com/heeus/wazero/internal/wasm/text/decoder.go:354.3,354.32 1 1
github.com/heeus/wazero/internal/wasm/text/decoder.go:349.65,351.4 1 1
github.com/heeus/wazero/internal/wasm/text/decoder.go:351.9,353.4 1 1
github.com/heeus/wazero/internal/wasm/text/decoder.go:361.53,362.16 1 1
github.com/heeus/wazero/internal/wasm/text/decoder.go:365.2,366.85 2 1
github.com/heeus/wazero/internal/wasm/text/decoder.go:362.16,364.3 1 1
github.com/heeus/wazero/internal/wasm/text/decoder.go:377.113,378.20 1 1
github.com/heeus/wazero/internal/wasm/text/decoder.go:381.2,381.96 1 1
github.com/heeus/wazero/internal/wasm/text/decoder.go:378.20,380.3 1 1
github.com/heeus/wazero/internal/wasm/text/decoder.go:387.172,395.13 6 1
github.com/heeus/wazero/internal/wasm/text/decoder.go:404.2,404.34 1 0
github.com/heeus/wazero/internal/wasm/text/decoder.go:396.38,397.47 1 1
github.com/heeus/wazero/internal/wasm/text/decoder.go:398.38,399.46 1 0
github.com/heeus/wazero/internal/wasm/text/decoder.go:400.32,402.31 2 1
github.com/heeus/wazero/internal/wasm/text/decoder.go:408.111,409.24 1 0
github.com/heeus/wazero/internal/wasm/text/decoder.go:413.2,414.30 2 0
github.com/heeus/wazero/internal/wasm/text/decoder.go:409.24,411.3 1 0
github.com/heeus/wazero/internal/wasm/text/decoder.go:418.63,419.23 1 1
github.com/heeus/wazero/internal/wasm/text/decoder.go:419.23,422.3 2 1
github.com/heeus/wazero/internal/wasm/text/decoder.go:426.107,427.24 1 1
github.com/heeus/wazero/internal/wasm/text/decoder.go:431.2,434.27 4 1
github.com/heeus/wazero/internal/wasm/text/decoder.go:427.24,429.3 1 1
github.com/heeus/wazero/internal/wasm/text/decoder.go:439.128,450.2 8 1
github.com/heeus/wazero/internal/wasm/text/decoder.go:454.80,458.2 3 1
github.com/heeus/wazero/internal/wasm/text/decoder.go:469.108,470.13 1 1
github.com/heeus/wazero/internal/wasm/text/decoder.go:471.19,473.28 2 1
github.com/heeus/wazero/internal/wasm/text/decoder.go:476.3,476.40 1 1
github.com/heeus/wazero/internal/wasm/text/decoder.go:481.3,482.28 2 1
github.com/heeus/wazero/internal/wasm/text/decoder.go:483.32,484.41 1 1
github.com/heeus/wazero/internal/wasm/text/decoder.go:485.10,486.47 1 1
github.com/heeus/wazero/internal/wasm/text/decoder.go:473.28,475.4 1 1
github.com/heeus/wazero/internal/wasm/text/decoder.go:476.40,478.4 1 1
github.com/heeus/wazero/internal/wasm/text/decoder.go:478.9,480.4 1 1
github.com/heeus/wazero/internal/wasm/text/decoder.go:491.104,492.13 1 1
github.com/heeus/wazero/internal/wasm/text/decoder.go:493.19,494.80 1 1
github.com/heeus/wazero/internal/wasm/text/decoder.go:495.19,496.32 1 1
github.com/heeus/wazero/internal/wasm/text/decoder.go:497.19,498.54 1 1
github.com/heeus/wazero/internal/wasm/text/decoder.go:499.10,500.47 1 1
github.com/heeus/wazero/internal/wasm/text/decoder.go:505.108,506.25 1 1
github.com/heeus/wazero/internal/wasm/text/decoder.go:510.2,510.28 1 1
github.com/heeus/wazero/internal/wasm/text/decoder.go:506.25,508.3 1 1
github.com/heeus/wazero/internal/wasm/text/decoder.go:511.31,513.32 2 1
github.com/heeus/wazero/internal/wasm/text/decoder.go:514.33,516.32 2 1
github.com/heeus/wazero/internal/wasm/text/decoder.go:517.59,518.49 1 0
github.com/heeus/wazero/internal/wasm/text/decoder.go:519.10,520.46 1 1
github.com/heeus/wazero/internal/wasm/text/decoder.go:525.113,528.15 3 1
github.com/heeus/wazero/internal/wasm/text/decoder.go:538.2,539.16 2 1
github.com/heeus/wazero/internal/wasm/text/decoder.go:542.2,545.15 2 1
github.com/heeus/wazero/internal/wasm/text/decoder.go:553.2,553.34 1 1
github.com/heeus/wazero/internal/wasm/text/decoder.go:529.26,531.30 2 1
github.com/heeus/wazero/internal/wasm/text/decoder.go:532.28,534.32 2 1
github.com/heeus/wazero/internal/wasm/text/decoder.go:535.10,536.82 1 0
github.com/heeus/wazero/internal/wasm/text/decoder.go:539.16,541.3 1 1
github.com/heeus/wazero/internal/wasm/text/decoder.go:545.15,547.33 2 1
github.com/heeus/wazero/internal/wasm/text/decoder.go:547.33,549.4 1 1
github.com/heeus/wazero/internal/wasm/text/decoder.go:549.9,551.4 1 1
github.com/heeus/wazero/internal/wasm/text/decoder.go:557.111,558.13 1 1
github.com/heeus/wazero/internal/wasm/text/decoder.go:559.24,560.44 1 1
github.com/heeus/wazero/internal/wasm/text/decoder.go:561.19,563.31 2 1
github.com/heeus/wazero/internal/wasm/text/decoder.go:564.10,565.47 1 1
github.com/heeus/wazero/internal/wasm/text/decoder.go:570.107,571.24 1 1
github.com/heeus/wazero/internal/wasm/text/decoder.go:575.2,579.27 5 1
github.com/heeus/wazero/internal/wasm/text/decoder.go:571.24,573.3 1 1
github.com/heeus/wazero/internal/wasm/text/decoder.go:583.108,585.16 2 1
github.com/heeus/wazero/internal/wasm/text/decoder.go:588.2,589.29 2 1
github.com/heeus/wazero/internal/wasm/text/decoder.go:585.16,587.3 1 1
github.com/heeus/wazero/internal/wasm/text/decoder.go:593.106,594.13 1 1
[...]
github.com/heeus/wazero/internal/wasm/func_validation.go:1265.163,1267.16 2 1
github.com/heeus/wazero/internal/wasm/func_validation.go:1271.2,1272.13 2 1
github.com/heeus/wazero/internal/wasm/func_validation.go:1289.2,1289.22 1 1
github.com/heeus/wazero/internal/wasm/func_validation.go:1267.16,1269.3 1 0
github.com/heeus/wazero/internal/wasm/func_validation.go:1273.11,1274.24 1 1
github.com/heeus/wazero/internal/wasm/func_validation.go:1275.10,1276.58 1 1
github.com/heeus/wazero/internal/wasm/func_validation.go:1277.10,1278.58 1 0
github.com/heeus/wazero/internal/wasm/func_validation.go:1279.10,1280.58 1 0
github.com/heeus/wazero/internal/wasm/func_validation.go:1281.10,1282.58 1 0
github.com/heeus/wazero/internal/wasm/func_validation.go:1283.10,1284.67 1 1
github.com/heeus/wazero/internal/wasm/func_validation.go:1287.3,1287.39 1 1
github.com/heeus/wazero/internal/wasm/func_validation.go:1284.67,1286.4 1 1
github.com/heeus/wazero/internal/wasm/memory.go:41.57,45.2 1 1
github.com/heeus/wazero/internal/wasm/memory.go:48.93,51.37 1 1
github.com/heeus/wazero/internal/wasm/memory.go:54.2,55.51 2 1
github.com/heeus/wazero/internal/wasm/memory.go:51.37,53.3 1 1
github.com/heeus/wazero/internal/wasm/memory.go:55.51,57.3 1 1
github.com/heeus/wazero/internal/wasm/memory.go:57.8,59.3 1 1
github.com/heeus/wazero/internal/wasm/memory.go:63.82,66.24 1 1
github.com/heeus/wazero/internal/wasm/memory.go:69.2,69.31 1 1
github.com/heeus/wazero/internal/wasm/memory.go:66.24,68.3 1 1
github.com/heeus/wazero/internal/wasm/memory.go:73.88,76.27 1 1
github.com/heeus/wazero/internal/wasm/memory.go:79.2,79.70 1 1
github.com/heeus/wazero/internal/wasm/memory.go:76.27,78.3 1 1
github.com/heeus/wazero/internal/wasm/memory.go:83.88,87.2 1 1
github.com/heeus/wazero/internal/wasm/memory.go:90.90,94.9 2 1
github.com/heeus/wazero/internal/wasm/memory.go:97.2,97.38 1 1
github.com/heeus/wazero/internal/wasm/memory.go:94.9,96.3 1 1
github.com/heeus/wazero/internal/wasm/memory.go:101.88,105.2 1 1
github.com/heeus/wazero/internal/wasm/memory.go:108.90,112.9 2 1
github.com/heeus/wazero/internal/wasm/memory.go:115.2,115.38 1 1
github.com/heeus/wazero/internal/wasm/memory.go:112.9,114.3 1 1
github.com/heeus/wazero/internal/wasm/memory.go:119.91,122.35 1 0
github.com/heeus/wazero/internal/wasm/memory.go:125.2,125.50 1 0
github.com/heeus/wazero/internal/wasm/memory.go:122.35,124.3 1 0
github.com/heeus/wazero/internal/wasm/memory.go:129.83,132.24 1 0
github.com/heeus/wazero/internal/wasm/memory.go:135.2,136.13 2 0
github.com/heeus/wazero/internal/wasm/memory.go:132.24,134.3 1 0
github.com/heeus/wazero/internal/wasm/memory.go:140.89,143.27 1 1
github.com/heeus/wazero/internal/wasm/memory.go:146.2,147.13 2 1
github.com/heeus/wazero/internal/wasm/memory.go:143.27,145.3 1 1
github.com/heeus/wazero/internal/wasm/memory.go:151.82,154.2 1 1
github.com/heeus/wazero/internal/wasm/memory.go:157.91,161.2 1 1
github.com/heeus/wazero/internal/wasm/memory.go:164.89,168.2 1 1
github.com/heeus/wazero/internal/wasm/memory.go:171.91,175.2 1 1
github.com/heeus/wazero/internal/wasm/memory.go:178.83,181.42 1 0
github.com/heeus/wazero/internal/wasm/memory.go:184.2,185.13 2 0
github.com/heeus/wazero/internal/wasm/memory.go:181.42,183.3 1 0
github.com/heeus/wazero/internal/wasm/memory.go:189.60,191.2 1 1
github.com/heeus/wazero/internal/wasm/memory.go:198.80,202.16 2 1
github.com/heeus/wazero/internal/wasm/memory.go:207.2,208.22 2 1
github.com/heeus/wazero/internal/wasm/memory.go:216.2,218.21 3 1
github.com/heeus/wazero/internal/wasm/memory.go:202.16,204.3 1 1
github.com/heeus/wazero/internal/wasm/memory.go:208.22,210.3 1 1
github.com/heeus/wazero/internal/wasm/memory.go:210.8,210.29 1 1
github.com/heeus/wazero/internal/wasm/memory.go:210.29,214.3 3 1
github.com/heeus/wazero/internal/wasm/memory.go:223.70,227.2 1 1
github.com/heeus/wazero/internal/wasm/memory.go:232.46,235.16 3 1
github.com/heeus/wazero/internal/wasm/memory.go:238.2,239.16 2 1
github.com/heeus/wazero/internal/wasm/memory.go:242.2,243.16 2 1
github.com/heeus/wazero/internal/wasm/memory.go:246.2,246.39 1 1
github.com/heeus/wazero/internal/wasm/memory.go:235.16,237.3 1 1
github.com/heeus/wazero/internal/wasm/memory.go:239.16,241.3 1 1
github.com/heeus/wazero/internal/wasm/memory.go:243.16,245.3 1 1
github.com/heeus/wazero/internal/wasm/memory.go:252.60,254.2 1 1
github.com/heeus/wazero/internal/wasm/memory.go:257.40,259.2 1 1
github.com/heeus/wazero/internal/wasm/memory.go:262.74,264.2 1 1
github.com/heeus/wazero/internal/wasm/memory.go:268.69,269.27 1 1
github.com/heeus/wazero/internal/wasm/memory.go:272.2,272.70 1 1
github.com/heeus/wazero/internal/wasm/memory.go:269.27,271.3 1 1
github.com/heeus/wazero/internal/wasm/memory.go:277.69,278.27 1 1
github.com/heeus/wazero/internal/wasm/memory.go:281.2,281.70 1 1
github.com/heeus/wazero/internal/wasm/memory.go:278.27,280.3 1 1
github.com/heeus/wazero/internal/wasm/memory.go:286.70,287.27 1 1
github.com/heeus/wazero/internal/wasm/memory.go:290.2,291.13 2 1
github.com/heeus/wazero/internal/wasm/memory.go:287.27,289.3 1 1
github.com/heeus/wazero/internal/wasm/memory.go:296.70,297.27 1 1
github.com/heeus/wazero/internal/wasm/memory.go:300.2,301.13 2 1
github.com/heeus/wazero/internal/wasm/memory.go:297.27,299.3 1 1
github.com/heeus/wazero/internal/wasm/module.go:191.48,193.2 1 1
github.com/heeus/wazero/internal/wasm/module.go:198.62,200.28 2 1
github.com/heeus/wazero/internal/wasm/module.go:203.2,204.37 2 1
github.com/heeus/wazero/internal/wasm/module.go:215.2,216.54 2 1
github.com/heeus/wazero/internal/wasm/module.go:219.2,220.34 2 1
github.com/heeus/wazero/internal/wasm/module.go:223.2,223.31 1 1
github.com/heeus/wazero/internal/wasm/module.go:200.28,202.3 1 1
github.com/heeus/wazero/internal/wasm/module.go:204.37,205.32 1 1
github.com/heeus/wazero/internal/wasm/module.go:205.32,206.34 1 1
github.com/heeus/wazero/internal/wasm/module.go:212.4,212.21 1 1
github.com/heeus/wazero/internal/wasm/module.go:206.34,207.41 1 1
github.com/heeus/wazero/internal/wasm/module.go:210.5,210.38 1 1
github.com/heeus/wazero/internal/wasm/module.go:207.41,209.6 1 0
github.com/heeus/wazero/internal/wasm/module.go:216.54,218.3 1 0
github.com/heeus/wazero/internal/wasm/module.go:220.34,222.3 1 0
github.com/heeus/wazero/internal/wasm/module.go:226.59,227.49 1 1
github.com/heeus/wazero/internal/wasm/module.go:231.2,231.98 1 1
github.com/heeus/wazero/internal/wasm/module.go:235.2,236.16 2 0
github.com/heeus/wazero/internal/wasm/module.go:240.2,240.58 1 0
github.com/heeus/wazero/internal/wasm/module.go:244.2,244.66 1 0
github.com/heeus/wazero/internal/wasm/module.go:248.2,248.74 1 0
github.com/heeus/wazero/internal/wasm/module.go:252.2,252.26 1 0
github.com/heeus/wazero/internal/wasm/module.go:258.2,258.59 1 0
github.com/heeus/wazero/internal/wasm/module.go:262.2,262.93 1 0
github.com/heeus/wazero/internal/wasm/module.go:266.2,266.53 1 0
github.com/heeus/wazero/internal/wasm/module.go:269.2,269.12 1 0
github.com/heeus/wazero/internal/wasm/module.go:227.49,229.3 1 1
github.com/heeus/wazero/internal/wasm/module.go:231.98,233.3 1 1
github.com/heeus/wazero/internal/wasm/module.go:236.16,238.3 1 0
github.com/heeus/wazero/internal/wasm/module.go:240.58,242.3 1 0
github.com/heeus/wazero/internal/wasm/module.go:244.66,246.3 1 0
github.com/heeus/wazero/internal/wasm/module.go:248.74,250.3 1 0
github.com/heeus/wazero/internal/wasm/module.go:252.26,253.118 1 0
github.com/heeus/wazero/internal/wasm/module.go:253.118,255.4 1 0
github.com/heeus/wazero/internal/wasm/module.go:258.59,260.3 1 0
github.com/heeus/wazero/internal/wasm/module.go:262.93,264.3 1 0
github.com/heeus/wazero/internal/wasm/module.go:266.53,268.3 1 0
github.com/heeus/wazero/internal/wasm/module.go:272.47,275.27 1 1
github.com/heeus/wazero/internal/wasm/module.go:285.2,285.12 1 1
github.com/heeus/wazero/internal/wasm/module.go:275.27,278.16 3 1
github.com/heeus/wazero/internal/wasm/module.go:281.3,281.48 1 1
github.com/heeus/wazero/internal/wasm/module.go:278.16,280.4 1 1
github.com/heeus/wazero/internal/wasm/module.go:281.48,283.4 1 1
github.com/heeus/wazero/internal/wasm/module.go:288.82,289.39 1 1
github.com/heeus/wazero/internal/wasm/module.go:295.2,296.36 2 1
github.com/heeus/wazero/internal/wasm/module.go:301.2,301.12 1 1
github.com/heeus/wazero/internal/wasm/module.go:289.39,291.3 1 1
github.com/heeus/wazero/internal/wasm/module.go:296.36,297.90 1 1
github.com/heeus/wazero/internal/wasm/module.go:297.90,299.4 1 1
github.com/heeus/wazero/internal/wasm/module.go:304.169,305.51 1 1
github.com/heeus/wazero/internal/wasm/module.go:309.2,311.42 3 1
github.com/heeus/wazero/internal/wasm/module.go:315.2,316.32 2 1
github.com/heeus/wazero/internal/wasm/module.go:320.2,320.48 1 1
github.com/heeus/wazero/internal/wasm/module.go:329.2,329.12 1 1
github.com/heeus/wazero/internal/wasm/module.go:305.51,307.3 1 1
github.com/heeus/wazero/internal/wasm/module.go:311.42,313.3 1 0
github.com/heeus/wazero/internal/wasm/module.go:316.32,318.3 1 1
github.com/heeus/wazero/internal/wasm/module.go:320.48,321.29 1 1
github.com/heeus/wazero/internal/wasm/module.go:325.3,325.108 1 1
github.com/heeus/wazero/internal/wasm/module.go:321.29,323.4 1 1
github.com/heeus/wazero/internal/wasm/module.go:325.108,327.4 1 1
github.com/heeus/wazero/internal/wasm/module.go:332.75,336.36 3 1
github.com/heeus/wazero/internal/wasm/module.go:341.2,342.24 2 1
github.com/heeus/wazero/internal/wasm/module.go:345.2,346.102 2 1
github.com/heeus/wazero/internal/wasm/module.go:336.36,337.53 1 1
github.com/heeus/wazero/internal/wasm/module.go:337.53,339.4 1 1
github.com/heeus/wazero/internal/wasm/module.go:342.24,344.3 1 1
github.com/heeus/wazero/internal/wasm/module.go:349.104,350.55 1 1
github.com/heeus/wazero/internal/wasm/module.go:357.2,357.34 1 1
github.com/heeus/wazero/internal/wasm/module.go:364.2,364.12 1 1
github.com/heeus/wazero/internal/wasm/module.go:350.55,352.46 1 1
github.com/heeus/wazero/internal/wasm/module.go:352.46,354.4 1 1
github.com/heeus/wazero/internal/wasm/module.go:357.34,358.21 1 1
github.com/heeus/wazero/internal/wasm/module.go:358.21,359.93 1 1
github.com/heeus/wazero/internal/wasm/module.go:359.93,361.5 1 1
github.com/heeus/wazero/internal/wasm/module.go:367.66,368.36 1 1
github.com/heeus/wazero/internal/wasm/module.go:379.2,379.12 1 1
github.com/heeus/wazero/internal/wasm/module.go:368.36,369.17 1 1
github.com/heeus/wazero/internal/wasm/module.go:370.25,371.29 1 1
github.com/heeus/wazero/internal/wasm/module.go:374.4,374.72 1 1
github.com/heeus/wazero/internal/wasm/module.go:371.29,372.13 1 0
github.com/heeus/wazero/internal/wasm/module.go:374.72,376.5 1 1
github.com/heeus/wazero/internal/wasm/module.go:382.138,383.38 1 1
github.com/heeus/wazero/internal/wasm/module.go:410.2,410.12 1 1
github.com/heeus/wazero/internal/wasm/module.go:383.38,385.19 2 1
github.com/heeus/wazero/internal/wasm/module.go:386.23,387.39 1 1
github.com/heeus/wazero/internal/wasm/module.go:390.25,391.37 1 1
github.com/heeus/wazero/internal/wasm/module.go:394.4,394.31 1 1
github.com/heeus/wazero/internal/wasm/module.go:397.4,397.72 1 1
github.com/heeus/wazero/internal/wasm/module.go:400.25,401.34 1 1
github.com/heeus/wazero/internal/wasm/module.go:404.24,405.33 1 1
github.com/heeus/wazero/internal/wasm/module.go:387.39,389.5 1 1
github.com/heeus/wazero/internal/wasm/module.go:391.37,393.5 1 1
github.com/heeus/wazero/internal/wasm/module.go:394.31,395.13 1 1
github.com/heeus/wazero/internal/wasm/module.go:397.72,399.5 1 1
github.com/heeus/wazero/internal/wasm/module.go:401.34,403.5 1 1
github.com/heeus/wazero/internal/wasm/module.go:405.33,407.5 1 1
github.com/heeus/wazero/internal/wasm/module.go:413.115,416.21 3 1
github.com/heeus/wazero/internal/wasm/module.go:456.2,456.32 1 1
github.com/heeus/wazero/internal/wasm/module.go:460.2,460.12 1 1
github.com/heeus/wazero/internal/wasm/module.go:417.22,420.17 2 1
github.com/heeus/wazero/internal/wasm/module.go:423.3,423.28 1 1
github.com/heeus/wazero/internal/wasm/module.go:424.22,427.17 2 1
github.com/heeus/wazero/internal/wasm/module.go:430.3,430.28 1 1
github.com/heeus/wazero/internal/wasm/module.go:431.22,433.17 2 1
github.com/heeus/wazero/internal/wasm/module.go:436.3,436.28 1 1
github.com/heeus/wazero/internal/wasm/module.go:437.22,439.17 2 1
github.com/heeus/wazero/internal/wasm/module.go:442.3,442.28 1 1
github.com/heeus/wazero/internal/wasm/module.go:443.23,445.17 2 1
github.com/heeus/wazero/internal/wasm/module.go:448.3,448.33 1 1
github.com/heeus/wazero/internal/wasm/module.go:451.3,451.35 1 1
github.com/heeus/wazero/internal/wasm/module.go:452.10,453.78 1 1
github.com/heeus/wazero/internal/wasm/module.go:420.17,422.4 1 1
github.com/heeus/wazero/internal/wasm/module.go:427.17,429.4 1 1
github.com/heeus/wazero/internal/wasm/module.go:433.17,435.4 1 1
github.com/heeus/wazero/internal/wasm/module.go:439.17,441.4 1 1
github.com/heeus/wazero/internal/wasm/module.go:445.17,447.4 1 1
github.com/heeus/wazero/internal/wasm/module.go:448.33,450.4 1 1
github.com/heeus/wazero/internal/wasm/module.go:456.32,459.3 1 1
github.com/heeus/wazero/internal/wasm/module.go:463.57,464.81 1 1
github.com/heeus/wazero/internal/wasm/module.go:468.2,468.8 1 1
github.com/heeus/wazero/internal/wasm/module.go:464.81,467.3 1 1
github.com/heeus/wazero/internal/wasm/module.go:471.94,472.37 1 1
github.com/heeus/wazero/internal/wasm/module.go:488.2,488.8 1 1
github.com/heeus/wazero/internal/wasm/module.go:472.37,474.71 2 1
github.com/heeus/wazero/internal/wasm/module.go:486.3,486.69 1 1
github.com/heeus/wazero/internal/wasm/module.go:475.14,476.18 1 1
github.com/heeus/wazero/internal/wasm/module.go:477.14,478.18 1 1
github.com/heeus/wazero/internal/wasm/module.go:479.16,480.25 1 1
github.com/heeus/wazero/internal/wasm/module.go:481.16,482.25 1 1
github.com/heeus/wazero/internal/wasm/module.go:483.11,484.54 1 0
github.com/heeus/wazero/internal/wasm/module.go:491.127,494.26 3 1
github.com/heeus/wazero/internal/wasm/module.go:499.2,501.54 3 1
github.com/heeus/wazero/internal/wasm/module.go:540.2,540.8 1 1
github.com/heeus/wazero/internal/wasm/module.go:494.26,497.3 2 1
github.com/heeus/wazero/internal/wasm/module.go:501.54,506.23 3 1
github.com/heeus/wazero/internal/wasm/module.go:516.3,529.37 6 1
github.com/heeus/wazero/internal/wasm/module.go:535.3,535.18 1 1
github.com/heeus/wazero/internal/wasm/module.go:538.3,538.35 1 1
github.com/heeus/wazero/internal/wasm/module.go:506.23,508.28 2 1
github.com/heeus/wazero/internal/wasm/module.go:508.28,509.10 1 1
github.com/heeus/wazero/internal/wasm/module.go:510.10,510.36 1 1
github.com/heeus/wazero/internal/wasm/module.go:510.36,512.10 2 1
github.com/heeus/wazero/internal/wasm/module.go:529.37,530.54 1 1
github.com/heeus/wazero/internal/wasm/module.go:530.54,532.5 1 1
github.com/heeus/wazero/internal/wasm/module.go:535.18,537.4 1 0
github.com/heeus/wazero/internal/wasm/module.go:543.84,544.32 1 1
github.com/heeus/wazero/internal/wasm/module.go:558.2,558.12 1 1
github.com/heeus/wazero/internal/wasm/module.go:544.32,546.56 1 0
github.com/heeus/wazero/internal/wasm/module.go:550.3,551.32 2 0
github.com/heeus/wazero/internal/wasm/module.go:556.3,556.13 1 0
github.com/heeus/wazero/internal/wasm/module.go:546.56,547.12 1 0
github.com/heeus/wazero/internal/wasm/module.go:551.32,552.31 1 0
github.com/heeus/wazero/internal/wasm/module.go:552.31,554.5 1 0
github.com/heeus/wazero/internal/wasm/module.go:561.54,563.19 2 1
github.com/heeus/wazero/internal/wasm/module.go:573.2,573.8 1 1
github.com/heeus/wazero/internal/wasm/module.go:563.19,572.3 3 1
github.com/heeus/wazero/internal/wasm/module.go:603.86,605.2 1 1
github.com/heeus/wazero/internal/wasm/module.go:608.37,609.20 1 1
github.com/heeus/wazero/internal/wasm/module.go:612.2,613.29 2 1
github.com/heeus/wazero/internal/wasm/module.go:616.2,616.24 1 1
github.com/heeus/wazero/internal/wasm/module.go:619.2,620.30 2 1
github.com/heeus/wazero/internal/wasm/module.go:623.2,623.25 1 1
github.com/heeus/wazero/internal/wasm/module.go:626.2,627.12 2 1
github.com/heeus/wazero/internal/wasm/module.go:609.20,611.3 1 1
github.com/heeus/wazero/internal/wasm/module.go:613.29,615.3 1 1
github.com/heeus/wazero/internal/wasm/module.go:616.24,618.3 1 1
github.com/heeus/wazero/internal/wasm/module.go:620.30,622.3 1 1
github.com/heeus/wazero/internal/wasm/module.go:623.25,625.3 1 1
github.com/heeus/wazero/internal/wasm/module.go:631.40,633.2 1 1
github.com/heeus/wazero/internal/wasm/module.go:666.64,667.21 1 1
github.com/heeus/wazero/internal/wasm/module.go:670.2,671.28 2 1
github.com/heeus/wazero/internal/wasm/module.go:678.2,678.12 1 1
github.com/heeus/wazero/internal/wasm/module.go:667.21,669.3 1 1
github.com/heeus/wazero/internal/wasm/module.go:671.28,673.3 1 1
github.com/heeus/wazero/internal/wasm/module.go:673.8,673.35 1 1
github.com/heeus/wazero/internal/wasm/module.go:673.35,675.3 1 1
github.com/heeus/wazero/internal/wasm/module.go:675.8,675.22 1 1
github.com/heeus/wazero/internal/wasm/module.go:675.22,677.3 1 1
github.com/heeus/wazero/internal/wasm/module.go:682.61,684.20 2 1
github.com/heeus/wazero/internal/wasm/module.go:689.2,689.12 1 1
github.com/heeus/wazero/internal/wasm/module.go:684.20,686.3 1 1
github.com/heeus/wazero/internal/wasm/module.go:686.8,686.40 1 1
github.com/heeus/wazero/internal/wasm/module.go:686.40,688.3 1 1
github.com/heeus/wazero/internal/wasm/module.go:742.40,744.2 1 1
github.com/heeus/wazero/internal/wasm/module.go:808.120,809.38 1 1
github.com/heeus/wazero/internal/wasm/module.go:822.2,823.36 2 1
github.com/heeus/wazero/internal/wasm/module.go:826.2,826.28 1 1
github.com/heeus/wazero/internal/wasm/module.go:833.2,833.27 1 1
github.com/heeus/wazero/internal/wasm/module.go:840.2,840.8 1 1
github.com/heeus/wazero/internal/wasm/module.go:809.38,810.19 1 1
github.com/heeus/wazero/internal/wasm/module.go:811.23,812.47 1 1
github.com/heeus/wazero/internal/wasm/module.go:813.25,814.45 1 1
github.com/heeus/wazero/internal/wasm/module.go:815.25,816.24 1 1
github.com/heeus/wazero/internal/wasm/module.go:817.24,818.25 1 1
github.com/heeus/wazero/internal/wasm/module.go:823.36,825.3 1 1
github.com/heeus/wazero/internal/wasm/module.go:826.28,827.20 1 1
github.com/heeus/wazero/internal/wasm/module.go:831.3,831.27 1 1
github.com/heeus/wazero/internal/wasm/module.go:827.20,830.4 2 0
github.com/heeus/wazero/internal/wasm/module.go:833.27,834.19 1 1
github.com/heeus/wazero/internal/wasm/module.go:838.3,838.25 1 1
github.com/heeus/wazero/internal/wasm/module.go:834.19,837.4 2 0
github.com/heeus/wazero/internal/wasm/module.go:880.48,881.19 1 1
github.com/heeus/wazero/internal/wasm/module.go:911.2,911.18 1 1
github.com/heeus/wazero/internal/wasm/module.go:882.23,883.18 1 1
github.com/heeus/wazero/internal/wasm/module.go:884.21,885.16 1 1
github.com/heeus/wazero/internal/wasm/module.go:886.23,887.18 1 1
github.com/heeus/wazero/internal/wasm/module.go:888.25,889.20 1 1
github.com/heeus/wazero/internal/wasm/module.go:890.22,891.17 1 1
github.com/heeus/wazero/internal/wasm/module.go:892.23,893.18 1 1
github.com/heeus/wazero/internal/wasm/module.go:894.23,895.18 1 1
github.com/heeus/wazero/internal/wasm/module.go:896.23,897.18 1 1
github.com/heeus/wazero/internal/wasm/module.go:898.22,899.17 1 1
github.com/heeus/wazero/internal/wasm/module.go:900.24,901.19 1 1
github.com/heeus/wazero/internal/wasm/module.go:902.21,903.16 1 1
github.com/heeus/wazero/internal/wasm/module.go:904.21,905.16 1 1
github.com/heeus/wazero/internal/wasm/module.go:906.29,907.25 1 1
github.com/heeus/wazero/internal/wasm/module.go:908.26,909.22 1 0
github.com/heeus/wazero/internal/wasm/module.go:926.40,928.2 1 1
github.com/heeus/wazero/internal/wasm/module.go:960.43,961.12 1 1
github.com/heeus/wazero/internal/wasm/module.go:971.2,971.31 1 1
github.com/heeus/wazero/internal/wasm/module.go:962.22,963.28 1 1
github.com/heeus/wazero/internal/wasm/module.go:964.23,965.29 1 1
github.com/heeus/wazero/internal/wasm/module.go:966.24,967.30 1 1
github.com/heeus/wazero/internal/wasm/module.go:968.24,969.30 1 1
